Running Interpolated 5 gram classifier on Chinese
Total:	12298
Total UNK words:	  1510
Total Errors:	1582
Correct:	9206
Accuracy:	0.7485770043909579
Over all precision:  0.8886534072383436
Over all recall:  0.9463541666666667
Overall F1-score:  0.9165966033294098

Tag  _
Precision:  1.0
Recall:  0.9917936694021102
F1-score:  0.9958799293702179
___________________________________
Tag  ADP
Precision:  1.0
Recall:  0.0
F1-score:  0.0
___________________________________
Tag  CAUS
Precision:  1.0
Recall:  0.0
F1-score:  0.0
___________________________________
Tag  V
Precision:  1.0
Recall:  0.0
F1-score:  0.0
___________________________________
Tag  CAUS
Precision:  1.0
Recall:  0.0
F1-score:  0.0
___________________________________
Tag  PL
Precision:  1.0
Recall:  0.0
F1-score:  0.0
___________________________________
Tag  PRO
Precision:  1.0
Recall:  0.0
F1-score:  0.0
___________________________________
Tag  1
Precision:  1.0
Recall:  0.0
F1-score:  0.0
___________________________________
Tag  PRO
Precision:  0.772093023255814
Recall:  0.9822485207100592
F1-score:  0.8645833333333334
___________________________________
Tag  3
Precision:  1.0
Recall:  0.0
F1-score:  0.0
___________________________________
Tag  PRO
Precision:  1.0
Recall:  0.0
F1-score:  0.0
___________________________________
Tag  PASS
Precision:  1.0
Recall:  0.0
F1-score:  0.0
___________________________________
Tag  V
Precision:  1.0
Recall:  0.0
F1-score:  0.0
___________________________________
Tag  PART
Precision:  0.8944055944055944
Recall:  0.9711465451784358
F1-score:  0.931197670185657
___________________________________
Tag  N
Precision:  0.9626302551203737
Recall:  0.910295616717635
F1-score:  0.9357317499126789
___________________________________
Tag  PFV
Precision:  1.0
Recall:  0.0
F1-score:  0.0
___________________________________
Tag  PART
Precision:  1.0
Recall:  0.0
F1-score:  0.0
___________________________________
Tag  PRO
Precision:  1.0
Recall:  0.0
F1-score:  0.0
___________________________________
Tag  3
Precision:  1.0
Recall:  0.0
F1-score:  0.0
___________________________________
Tag  ADP
Precision:  0.677891654465593
Recall:  0.926
F1-score:  0.782755705832629
___________________________________
Tag  PART
Precision:  1.0
Recall:  0.0
F1-score:  0.0
___________________________________
Tag  GEN
Precision:  1.0
Recall:  0.0
F1-score:  0.0
___________________________________
Tag  PART
Precision:  1.0
Recall:  0.0
F1-score:  0.0
___________________________________
Tag  PROG
Precision:  1.0
Recall:  0.0
F1-score:  0.0
___________________________________
Tag  ADV
Precision:  1.0
Recall:  0.0
F1-score:  0.0
___________________________________
Tag  NEG
Precision:  1.0
Recall:  0.0
F1-score:  0.0
___________________________________
Tag  DET
Precision:  0.8698224852071006
Recall:  0.9735099337748344
F1-score:  0.91875
___________________________________
Tag  GEN
Precision:  1.0
Recall:  0.0
F1-score:  0.0
___________________________________
Tag  PART
Precision:  1.0
Recall:  0.0
F1-score:  0.0
___________________________________
Tag  PL
Precision:  1.0
Recall:  0.0
F1-score:  0.0
___________________________________
Tag  PRO
Precision:  1.0
Recall:  0.0
F1-score:  0.0
___________________________________
Tag  3
Precision:  1.0
Recall:  0.0
F1-score:  0.0
___________________________________
Tag  NEG
Precision:  1.0
Recall:  0.0
F1-score:  0.0
___________________________________
Tag  ADV
Precision:  1.0
Recall:  0.0
F1-score:  0.0
___________________________________
Tag  PL
Precision:  1.0
Recall:  0.0
F1-score:  0.0
___________________________________
Tag  PART
Precision:  1.0
Recall:  0.0
F1-score:  0.0
___________________________________
Tag  PL
Precision:  1.0
Recall:  0.0
F1-score:  0.0
___________________________________
Tag  3
Precision:  1.0
Recall:  0.0
F1-score:  0.0
___________________________________
Tag  PRO
Precision:  1.0
Recall:  0.0
F1-score:  0.0
___________________________________
Tag  CONJ
Precision:  0.6695278969957081
Recall:  0.9397590361445783
F1-score:  0.7819548872180452
___________________________________
Tag  ADJ
Precision:  0.7979094076655052
Recall:  0.8980392156862745
F1-score:  0.8450184501845018
___________________________________
Tag  PL
Precision:  1.0
Recall:  0.0
F1-score:  0.0
___________________________________
Tag  1
Precision:  1.0
Recall:  0.0
F1-score:  0.0
___________________________________
Tag  PRO
Precision:  1.0
Recall:  0.0
F1-score:  0.0
___________________________________
Tag  PART
Precision:  1.0
Recall:  0.0
F1-score:  0.0
___________________________________
Tag  PFV
Precision:  1.0
Recall:  0.0
F1-score:  0.0
___________________________________
Tag  CAUS
Precision:  1.0
Recall:  0.0
F1-score:  0.0
___________________________________
Tag  V
Precision:  1.0
Recall:  0.0
F1-score:  0.0
___________________________________
Tag  1
Precision:  1.0
Recall:  0.0
F1-score:  0.0
___________________________________
Tag  PRO
Precision:  1.0
Recall:  0.0
F1-score:  0.0
___________________________________
Tag  PROG
Precision:  1.0
Recall:  0.0
F1-score:  0.0
___________________________________
Tag  PART
Precision:  1.0
Recall:  0.0
F1-score:  0.0
___________________________________
Tag  PROPN
Precision:  0.9847198641765704
Recall:  0.928
F1-score:  0.955518945634267
___________________________________
Tag  PL
Precision:  1.0
Recall:  0.0
F1-score:  0.0
___________________________________
Tag  N
Precision:  1.0
Recall:  0.0
F1-score:  0.0
___________________________________
Tag  NUM
Precision:  0.9911190053285968
Recall:  0.9755244755244755
F1-score:  0.983259911894273
___________________________________
Tag  ADV
Precision:  0.8557993730407524
Recall:  0.9301533219761499
F1-score:  0.8914285714285715
___________________________________
Tag  V
Precision:  0.8539553752535497
Recall:  0.9371174179187535
F1-score:  0.8936057309631202
___________________________________

