Running base line on Chinese
Total:  12298
Total UNK words:  1510
Correct:  9446
Over all accuracy:  0.7680923727435356
Over all precision:  0.8756025213199852
Over all recall:  0.7680923727435356
Overall F1-score:  0.8183314562938577

Tag  _
Precision:  0.9917936694021102
Recall:  0.9426183844011142
F1-score:  0.9665809768637532
___________________________________
Tag  ADP;CAUS
Precision:  1.0
Recall:  0.0
F1-score:  0.0
___________________________________
Tag  V;CAUS
Precision:  0.5892857142857143
Recall:  0.5689655172413793
F1-score:  0.5789473684210527
___________________________________
Tag  PL;PRO;1
Precision:  1.0
Recall:  0.0
F1-score:  0.0
___________________________________
Tag  PRO
Precision:  0.7
Recall:  0.7
F1-score:  0.7
___________________________________
Tag  3;PRO
Precision:  1.0
Recall:  0.0
F1-score:  0.0
___________________________________
Tag  PASS;V
Precision:  1.0
Recall:  1.0
F1-score:  1.0
___________________________________
Tag  PART
Precision:  0.6106696935300795
Recall:  0.6017897091722595
F1-score:  0.6061971830985916
___________________________________
Tag  N
Precision:  0.8925535532131927
Recall:  0.7635253054101222
F1-score:  0.8230130114437999
___________________________________
Tag  PFV;PART
Precision:  1.0
Recall:  0.0
F1-score:  0.0
___________________________________
Tag  PRO;3
Precision:  1.0
Recall:  1.0
F1-score:  1.0
___________________________________
Tag  ADP
Precision:  0.7555110220440882
Recall:  0.750996015936255
F1-score:  0.7532467532467533
___________________________________
Tag  PART;GEN
Precision:  1.0
Recall:  1.0
F1-score:  1.0
___________________________________
Tag  PART;PROG
Precision:  1.0
Recall:  0.0
F1-score:  0.0
___________________________________
Tag  ADV;NEG
Precision:  1.0
Recall:  1.0
F1-score:  1.0
___________________________________
Tag  DET
Precision:  0.8543046357615894
Recall:  0.832258064516129
F1-score:  0.8431372549019609
___________________________________
Tag  GEN;PART
Precision:  1.0
Recall:  0.0
F1-score:  0.0
___________________________________
Tag  PL;PRO;3
Precision:  1.0
Recall:  1.0
F1-score:  1.0
___________________________________
Tag  NEG;ADV
Precision:  1.0
Recall:  0.0
F1-score:  0.0
___________________________________
Tag  PL;PART
Precision:  1.0
Recall:  1.0
F1-score:  1.0
___________________________________
Tag  PL;3;PRO
Precision:  1.0
Recall:  0.0
F1-score:  0.0
___________________________________
Tag  CONJ
Precision:  0.9216867469879518
Recall:  0.9216867469879518
F1-score:  0.9216867469879518
___________________________________
Tag  ADJ
Precision:  0.7607843137254902
Recall:  0.5914634146341463
F1-score:  0.6655231560891939
___________________________________
Tag  PL;1;PRO
Precision:  1.0
Recall:  1.0
F1-score:  1.0
___________________________________
Tag  PART;PFV
Precision:  1.0
Recall:  1.0
F1-score:  1.0
___________________________________
Tag  CAUS;V
Precision:  1.0
Recall:  0.0
F1-score:  0.0
___________________________________
Tag  1;PRO
Precision:  1.0
Recall:  1.0
F1-score:  1.0
___________________________________
Tag  PROG;PART
Precision:  1.0
Recall:  1.0
F1-score:  1.0
___________________________________
Tag  PROPN
Precision:  0.9184
Recall:  0.5461465271170314
F1-score:  0.684964200477327
___________________________________
Tag  PL;N
Precision:  1.0
Recall:  1.0
F1-score:  1.0
___________________________________
Tag  NUM
Precision:  1.0
Recall:  0.8486646884272997
F1-score:  0.9181380417335473
___________________________________
Tag  ADV
Precision:  0.8505338078291815
Recall:  0.8255613126079447
F1-score:  0.8378615249780895
___________________________________
Tag  V
Precision:  0.8716577540106952
Recall:  0.7465648854961832
F1-score:  0.8042763157894736
___________________________________

