Running Raw 5 gram classifier on English
Total:	24470
Total UNK words:  1356
Total Errors:	4233
Correct:	18881
Total errors:  4233
Accuracy:	0.7715978749489171
Over all precision:  0.9148250771552793
Over all recall:  0.9096203382237653
Overall F1-score:  0.9122152837054675

Tag  IND
Precision:  1.0
Recall:  0.0
F1-score:  0.0
___________________________________
Tag  FIN
Precision:  1.0
Recall:  0.0
F1-score:  0.0
___________________________________
Tag  PST
Precision:  1.0
Recall:  0.0
F1-score:  0.0
___________________________________
Tag  V
Precision:  1.0
Recall:  0.0
F1-score:  0.0
___________________________________
Tag  NOM
Precision:  1.0
Recall:  0.0
F1-score:  0.0
___________________________________
Tag  PL
Precision:  1.0
Recall:  0.0
F1-score:  0.0
___________________________________
Tag  3
Precision:  1.0
Recall:  0.0
F1-score:  0.0
___________________________________
Tag  PRO
Precision:  1.0
Recall:  0.0
F1-score:  0.0
___________________________________
Tag  V
Precision:  1.0
Recall:  0.0
F1-score:  0.0
___________________________________
Tag  SG
Precision:  1.0
Recall:  0.0
F1-score:  0.0
___________________________________
Tag  PL
Precision:  1.0
Recall:  0.0
F1-score:  0.0
___________________________________
Tag  PRO
Precision:  1.0
Recall:  0.0
F1-score:  0.0
___________________________________
Tag  SG
Precision:  1.0
Recall:  0.0
F1-score:  0.0
___________________________________
Tag  PRO
Precision:  1.0
Recall:  0.0
F1-score:  0.0
___________________________________
Tag  PST
Precision:  1.0
Recall:  0.0
F1-score:  0.0
___________________________________
Tag  IND
Precision:  1.0
Recall:  0.0
F1-score:  0.0
___________________________________
Tag  V
Precision:  1.0
Recall:  0.0
F1-score:  0.0
___________________________________
Tag  FIN
Precision:  1.0
Recall:  0.0
F1-score:  0.0
___________________________________
Tag  PRO
Precision:  1.0
Recall:  0.0
F1-score:  0.0
___________________________________
Tag  PL
Precision:  1.0
Recall:  0.0
F1-score:  0.0
___________________________________
Tag  1
Precision:  1.0
Recall:  0.0
F1-score:  0.0
___________________________________
Tag  ACC
Precision:  1.0
Recall:  0.0
F1-score:  0.0
___________________________________
Tag  SG
Precision:  1.0
Recall:  0.0
F1-score:  0.0
___________________________________
Tag  PRO
Precision:  1.0
Recall:  0.0
F1-score:  0.0
___________________________________
Tag  ACC
Precision:  1.0
Recall:  0.0
F1-score:  0.0
___________________________________
Tag  1
Precision:  1.0
Recall:  0.0
F1-score:  0.0
___________________________________
Tag  IND
Precision:  1.0
Recall:  0.0
F1-score:  0.0
___________________________________
Tag  PRS
Precision:  1.0
Recall:  0.0
F1-score:  0.0
___________________________________
Tag  FIN
Precision:  1.0
Recall:  0.0
F1-score:  0.0
___________________________________
Tag  V
Precision:  1.0
Recall:  0.0
F1-score:  0.0
___________________________________
Tag  3
Precision:  1.0
Recall:  0.0
F1-score:  0.0
___________________________________
Tag  SG
Precision:  1.0
Recall:  0.0
F1-score:  0.0
___________________________________
Tag  REFL
Precision:  1.0
Recall:  0.0
F1-score:  0.0
___________________________________
Tag  ACC
Precision:  1.0
Recall:  0.0
F1-score:  0.0
___________________________________
Tag  PRO
Precision:  1.0
Recall:  0.0
F1-score:  0.0
___________________________________
Tag  FEM
Precision:  1.0
Recall:  0.0
F1-score:  0.0
___________________________________
Tag  V
Precision:  1.0
Recall:  0.0
F1-score:  0.0
___________________________________
Tag  SG
Precision:  1.0
Recall:  0.0
F1-score:  0.0
___________________________________
Tag  PST
Precision:  1.0
Recall:  0.0
F1-score:  0.0
___________________________________
Tag  FIN
Precision:  1.0
Recall:  0.0
F1-score:  0.0
___________________________________
Tag  IND
Precision:  1.0
Recall:  0.0
F1-score:  0.0
___________________________________
Tag  3
Precision:  1.0
Recall:  0.0
F1-score:  0.0
___________________________________
Tag  PRO
Precision:  1.0
Recall:  0.0
F1-score:  0.0
___________________________________
Tag  SG
Precision:  1.0
Recall:  0.0
F1-score:  0.0
___________________________________
Tag  NEUT
Precision:  1.0
Recall:  0.0
F1-score:  0.0
___________________________________
Tag  3
Precision:  1.0
Recall:  0.0
F1-score:  0.0
___________________________________
Tag  PST
Precision:  1.0
Recall:  0.0
F1-score:  0.0
___________________________________
Tag  V.PTCP
Precision:  1.0
Recall:  0.0
F1-score:  0.0
___________________________________
Tag  V
Precision:  1.0
Recall:  0.0
F1-score:  0.0
___________________________________
Tag  NOM
Precision:  1.0
Recall:  0.0
F1-score:  0.0
___________________________________
Tag  PRO
Precision:  1.0
Recall:  0.0
F1-score:  0.0
___________________________________
Tag  SG
Precision:  1.0
Recall:  0.0
F1-score:  0.0
___________________________________
Tag  NEUT
Precision:  1.0
Recall:  0.0
F1-score:  0.0
___________________________________
Tag  3
Precision:  1.0
Recall:  0.0
F1-score:  0.0
___________________________________
Tag  PART
Precision:  0.6829015544041451
Recall:  0.9969742813918305
F1-score:  0.8105781057810578
___________________________________
Tag  PRO
Precision:  1.0
Recall:  0.0
F1-score:  0.0
___________________________________
Tag  2
Precision:  1.0
Recall:  0.0
F1-score:  0.0
___________________________________
Tag  NOM
Precision:  1.0
Recall:  0.0
F1-score:  0.0
___________________________________
Tag  PRO
Precision:  1.0
Recall:  0.0
F1-score:  0.0
___________________________________
Tag  PL
Precision:  1.0
Recall:  0.0
F1-score:  0.0
___________________________________
Tag  1
Precision:  1.0
Recall:  0.0
F1-score:  0.0
___________________________________
Tag  NOM
Precision:  1.0
Recall:  0.0
F1-score:  0.0
___________________________________
Tag  SG
Precision:  1.0
Recall:  0.0
F1-score:  0.0
___________________________________
Tag  PRO
Precision:  1.0
Recall:  0.0
F1-score:  0.0
___________________________________
Tag  1
Precision:  1.0
Recall:  0.0
F1-score:  0.0
___________________________________
Tag  3
Precision:  1.0
Recall:  0.0
F1-score:  0.0
___________________________________
Tag  SG
Precision:  1.0
Recall:  0.0
F1-score:  0.0
___________________________________
Tag  PRO
Precision:  1.0
Recall:  0.0
F1-score:  0.0
___________________________________
Tag  FEM
Precision:  1.0
Recall:  0.0
F1-score:  0.0
___________________________________
Tag  3
Precision:  1.0
Recall:  0.0
F1-score:  0.0
___________________________________
Tag  SG
Precision:  1.0
Recall:  0.0
F1-score:  0.0
___________________________________
Tag  ACC
Precision:  1.0
Recall:  0.0
F1-score:  0.0
___________________________________
Tag  PRO
Precision:  1.0
Recall:  0.0
F1-score:  0.0
___________________________________
Tag  NEUT
Precision:  1.0
Recall:  0.0
F1-score:  0.0
___________________________________
Tag  RL
Precision:  1.0
Recall:  0.0
F1-score:  0.0
___________________________________
Tag  ADJ
Precision:  1.0
Recall:  0.0
F1-score:  0.0
___________________________________
Tag  SG
Precision:  1.0
Recall:  0.0
F1-score:  0.0
___________________________________
Tag  PRO
Precision:  1.0
Recall:  0.0
F1-score:  0.0
___________________________________
Tag  ACC
Precision:  1.0
Recall:  0.0
F1-score:  0.0
___________________________________
Tag  NEUT
Precision:  1.0
Recall:  0.0
F1-score:  0.0
___________________________________
Tag  3
Precision:  1.0
Recall:  0.0
F1-score:  0.0
___________________________________
Tag  SG
Precision:  0.9703094258629941
Recall:  0.9040159973337777
F1-score:  0.9359903381642513
___________________________________
Tag  ADJ
Precision:  1.0
Recall:  0.0
F1-score:  0.0
___________________________________
Tag  CMPR
Precision:  1.0
Recall:  0.0
F1-score:  0.0
___________________________________
Tag  PRO
Precision:  1.0
Recall:  0.0
F1-score:  0.0
___________________________________
Tag  PL
Precision:  1.0
Recall:  0.0
F1-score:  0.0
___________________________________
Tag  ACC
Precision:  1.0
Recall:  0.0
F1-score:  0.0
___________________________________
Tag  3
Precision:  1.0
Recall:  0.0
F1-score:  0.0
___________________________________
Tag  NOM
Precision:  1.0
Recall:  0.0
F1-score:  0.0
___________________________________
Tag  PRO
Precision:  1.0
Recall:  0.0
F1-score:  0.0
___________________________________
Tag  MASC
Precision:  1.0
Recall:  0.0
F1-score:  0.0
___________________________________
Tag  SG
Precision:  1.0
Recall:  0.0
F1-score:  0.0
___________________________________
Tag  3
Precision:  1.0
Recall:  0.0
F1-score:  0.0
___________________________________
Tag  NOM
Precision:  1.0
Recall:  0.0
F1-score:  0.0
___________________________________
Tag  3
Precision:  1.0
Recall:  0.0
F1-score:  0.0
___________________________________
Tag  SG
Precision:  1.0
Recall:  0.0
F1-score:  0.0
___________________________________
Tag  PRO
Precision:  1.0
Recall:  0.0
F1-score:  0.0
___________________________________
Tag  NEUT
Precision:  1.0
Recall:  0.0
F1-score:  0.0
___________________________________
Tag  CONJ
Precision:  0.8350194552529183
Recall:  0.8838550247116969
F1-score:  0.8587434973989596
___________________________________
Tag  PL
Precision:  1.0
Recall:  0.0
F1-score:  0.0
___________________________________
Tag  3
Precision:  1.0
Recall:  0.0
F1-score:  0.0
___________________________________
Tag  REFL
Precision:  1.0
Recall:  0.0
F1-score:  0.0
___________________________________
Tag  ACC
Precision:  1.0
Recall:  0.0
F1-score:  0.0
___________________________________
Tag  PRO
Precision:  1.0
Recall:  0.0
F1-score:  0.0
___________________________________
Tag  NFIN
Precision:  1.0
Recall:  0.0
F1-score:  0.0
___________________________________
Tag  V
Precision:  1.0
Recall:  0.0
F1-score:  0.0
___________________________________
Tag  SG
Precision:  1.0
Recall:  0.0
F1-score:  0.0
___________________________________
Tag  PRO
Precision:  1.0
Recall:  0.0
F1-score:  0.0
___________________________________
Tag  1
Precision:  1.0
Recall:  0.0
F1-score:  0.0
___________________________________
Tag  V
Precision:  1.0
Recall:  0.0
F1-score:  0.0
___________________________________
Tag  FIN
Precision:  1.0
Recall:  0.0
F1-score:  0.0
___________________________________
Tag  DEF
Precision:  1.0
Recall:  0.0
F1-score:  0.0
___________________________________
Tag  DET
Precision:  1.0
Recall:  0.0
F1-score:  0.0
___________________________________
Tag  IND
Precision:  1.0
Recall:  0.0
F1-score:  0.0
___________________________________
Tag  FIN
Precision:  1.0
Recall:  0.0
F1-score:  0.0
___________________________________
Tag  SG
Precision:  1.0
Recall:  0.0
F1-score:  0.0
___________________________________
Tag  PST
Precision:  1.0
Recall:  0.0
F1-score:  0.0
___________________________________
Tag  V
Precision:  1.0
Recall:  0.0
F1-score:  0.0
___________________________________
Tag  1
Precision:  1.0
Recall:  0.0
F1-score:  0.0
___________________________________
Tag  PRO
Precision:  1.0
Recall:  0.0
F1-score:  0.0
___________________________________
Tag  NEUT
Precision:  1.0
Recall:  0.0
F1-score:  0.0
___________________________________
Tag  SG
Precision:  1.0
Recall:  0.0
F1-score:  0.0
___________________________________
Tag  ACC
Precision:  1.0
Recall:  0.0
F1-score:  0.0
___________________________________
Tag  3
Precision:  1.0
Recall:  0.0
F1-score:  0.0
___________________________________
Tag  NOM
Precision:  1.0
Recall:  0.0
F1-score:  0.0
___________________________________
Tag  PRO
Precision:  1.0
Recall:  0.0
F1-score:  0.0
___________________________________
Tag  SG
Precision:  1.0
Recall:  0.0
F1-score:  0.0
___________________________________
Tag  FEM
Precision:  1.0
Recall:  0.0
F1-score:  0.0
___________________________________
Tag  3
Precision:  1.0
Recall:  0.0
F1-score:  0.0
___________________________________
Tag  PRO
Precision:  1.0
Recall:  0.0
F1-score:  0.0
___________________________________
Tag  MASC
Precision:  1.0
Recall:  0.0
F1-score:  0.0
___________________________________
Tag  SG
Precision:  1.0
Recall:  0.0
F1-score:  0.0
___________________________________
Tag  3
Precision:  1.0
Recall:  0.0
F1-score:  0.0
___________________________________
Tag  SG
Precision:  1.0
Recall:  0.0
F1-score:  0.0
___________________________________
Tag  PRO
Precision:  1.0
Recall:  0.0
F1-score:  0.0
___________________________________
Tag  MASC
Precision:  1.0
Recall:  0.0
F1-score:  0.0
___________________________________
Tag  3
Precision:  1.0
Recall:  0.0
F1-score:  0.0
___________________________________
Tag  PRO
Precision:  1.0
Recall:  0.0
F1-score:  0.0
___________________________________
Tag  1
Precision:  1.0
Recall:  0.0
F1-score:  0.0
___________________________________
Tag  SG
Precision:  1.0
Recall:  0.0
F1-score:  0.0
___________________________________
Tag  PRO
Precision:  1.0
Recall:  0.0
F1-score:  0.0
___________________________________
Tag  PL
Precision:  1.0
Recall:  0.0
F1-score:  0.0
___________________________________
Tag  3
Precision:  1.0
Recall:  0.0
F1-score:  0.0
___________________________________
Tag  PRO
Precision:  1.0
Recall:  0.0
F1-score:  0.0
___________________________________
Tag  1
Precision:  1.0
Recall:  0.0
F1-score:  0.0
___________________________________
Tag  SG
Precision:  1.0
Recall:  0.0
F1-score:  0.0
___________________________________
Tag  ACC
Precision:  1.0
Recall:  0.0
F1-score:  0.0
___________________________________
Tag  PL
Precision:  1.0
Recall:  0.0
F1-score:  0.0
___________________________________
Tag  PRO
Precision:  1.0
Recall:  0.0
F1-score:  0.0
___________________________________
Tag  ACC
Precision:  1.0
Recall:  0.0
F1-score:  0.0
___________________________________
Tag  1
Precision:  1.0
Recall:  0.0
F1-score:  0.0
___________________________________
Tag  PL
Precision:  1.0
Recall:  0.0
F1-score:  0.0
___________________________________
Tag  REFL
Precision:  1.0
Recall:  0.0
F1-score:  0.0
___________________________________
Tag  ACC
Precision:  1.0
Recall:  0.0
F1-score:  0.0
___________________________________
Tag  PRO
Precision:  1.0
Recall:  0.0
F1-score:  0.0
___________________________________
Tag  1
Precision:  1.0
Recall:  0.0
F1-score:  0.0
___________________________________
Tag  PRS
Precision:  1.0
Recall:  0.0
F1-score:  0.0
___________________________________
Tag  V.PTCP
Precision:  1.0
Recall:  0.0
F1-score:  0.0
___________________________________
Tag  V
Precision:  1.0
Recall:  0.0
F1-score:  0.0
___________________________________
Tag  PRO
Precision:  1.0
Recall:  0.0
F1-score:  0.0
___________________________________
Tag  2
Precision:  1.0
Recall:  0.0
F1-score:  0.0
___________________________________
Tag  IND
Precision:  1.0
Recall:  0.0
F1-score:  0.0
___________________________________
Tag  PST
Precision:  1.0
Recall:  0.0
F1-score:  0.0
___________________________________
Tag  FIN
Precision:  1.0
Recall:  0.0
F1-score:  0.0
___________________________________
Tag  V
Precision:  1.0
Recall:  0.0
F1-score:  0.0
___________________________________
Tag  _
Precision:  0.9980806142034548
Recall:  0.9870294210692818
F1-score:  0.9925242564020995
___________________________________
Tag  2
Precision:  1.0
Recall:  0.0
F1-score:  0.0
___________________________________
Tag  PRO
Precision:  1.0
Recall:  0.0
F1-score:  0.0
___________________________________
Tag  PL
Precision:  1.0
Recall:  0.0
F1-score:  0.0
___________________________________
Tag  PRO
Precision:  1.0
Recall:  0.0
F1-score:  0.0
___________________________________
Tag  1
Precision:  1.0
Recall:  0.0
F1-score:  0.0
___________________________________
Tag  MASC
Precision:  1.0
Recall:  0.0
F1-score:  0.0
___________________________________
Tag  3
Precision:  1.0
Recall:  0.0
F1-score:  0.0
___________________________________
Tag  SG
Precision:  1.0
Recall:  0.0
F1-score:  0.0
___________________________________
Tag  PRO
Precision:  1.0
Recall:  0.0
F1-score:  0.0
___________________________________
Tag  ADV
Precision:  1.0
Recall:  0.0
F1-score:  0.0
___________________________________
Tag  CMPR
Precision:  1.0
Recall:  0.0
F1-score:  0.0
___________________________________
Tag  FEM
Precision:  1.0
Recall:  0.0
F1-score:  0.0
___________________________________
Tag  SG
Precision:  1.0
Recall:  0.0
F1-score:  0.0
___________________________________
Tag  PRO
Precision:  1.0
Recall:  0.0
F1-score:  0.0
___________________________________
Tag  3
Precision:  1.0
Recall:  0.0
F1-score:  0.0
___________________________________
Tag  2
Precision:  1.0
Recall:  0.0
F1-score:  0.0
___________________________________
Tag  PRO
Precision:  1.0
Recall:  0.0
F1-score:  0.0
___________________________________
Tag  NOM
Precision:  1.0
Recall:  0.0
F1-score:  0.0
___________________________________
Tag  NOM
Precision:  1.0
Recall:  0.0
F1-score:  0.0
___________________________________
Tag  3
Precision:  1.0
Recall:  0.0
F1-score:  0.0
___________________________________
Tag  SG
Precision:  1.0
Recall:  0.0
F1-score:  0.0
___________________________________
Tag  PRO
Precision:  1.0
Recall:  0.0
F1-score:  0.0
___________________________________
Tag  FEM
Precision:  1.0
Recall:  0.0
F1-score:  0.0
___________________________________
Tag  SG
Precision:  1.0
Recall:  0.0
F1-score:  0.0
___________________________________
Tag  PRO
Precision:  1.0
Recall:  0.0
F1-score:  0.0
___________________________________
Tag  NOM
Precision:  1.0
Recall:  0.0
F1-score:  0.0
___________________________________
Tag  MASC
Precision:  1.0
Recall:  0.0
F1-score:  0.0
___________________________________
Tag  3
Precision:  1.0
Recall:  0.0
F1-score:  0.0
___________________________________
Tag  IND
Precision:  1.0
Recall:  0.0
F1-score:  0.0
___________________________________
Tag  FIN
Precision:  1.0
Recall:  0.0
F1-score:  0.0
___________________________________
Tag  SG
Precision:  1.0
Recall:  0.0
F1-score:  0.0
___________________________________
Tag  PST
Precision:  1.0
Recall:  0.0
F1-score:  0.0
___________________________________
Tag  V
Precision:  1.0
Recall:  0.0
F1-score:  0.0
___________________________________
Tag  PL
Precision:  1.0
Recall:  0.0
F1-score:  0.0
___________________________________
Tag  PRO
Precision:  1.0
Recall:  0.0
F1-score:  0.0
___________________________________
Tag  NOM
Precision:  1.0
Recall:  0.0
F1-score:  0.0
___________________________________
Tag  1
Precision:  1.0
Recall:  0.0
F1-score:  0.0
___________________________________
Tag  FIN
Precision:  1.0
Recall:  0.0
F1-score:  0.0
___________________________________
Tag  V
Precision:  1.0
Recall:  0.0
F1-score:  0.0
___________________________________
Tag  IMP
Precision:  1.0
Recall:  0.0
F1-score:  0.0
___________________________________
Tag  V
Precision:  1.0
Recall:  0.0
F1-score:  0.0
___________________________________
Tag  FIN
Precision:  1.0
Recall:  0.0
F1-score:  0.0
___________________________________
Tag  IMP
Precision:  1.0
Recall:  0.0
F1-score:  0.0
___________________________________
Tag  PROPN
Precision:  1.0
Recall:  0.0
F1-score:  0.0
___________________________________
Tag  PL
Precision:  1.0
Recall:  0.0
F1-score:  0.0
___________________________________
Tag  3
Precision:  1.0
Recall:  0.0
F1-score:  0.0
___________________________________
Tag  SG
Precision:  1.0
Recall:  0.0
F1-score:  0.0
___________________________________
Tag  REFL
Precision:  1.0
Recall:  0.0
F1-score:  0.0
___________________________________
Tag  ACC
Precision:  1.0
Recall:  0.0
F1-score:  0.0
___________________________________
Tag  PRO
Precision:  1.0
Recall:  0.0
F1-score:  0.0
___________________________________
Tag  NEUT
Precision:  1.0
Recall:  0.0
F1-score:  0.0
___________________________________
Tag  DET
Precision:  1.0
Recall:  0.0
F1-score:  0.0
___________________________________
Tag  INDF
Precision:  1.0
Recall:  0.0
F1-score:  0.0
___________________________________
Tag  ADP
Precision:  0.7495227185948835
Recall:  0.9693827160493828
F1-score:  0.8453919035314383
___________________________________
Tag  FIN
Precision:  1.0
Recall:  0.0
F1-score:  0.0
___________________________________
Tag  IMP
Precision:  1.0
Recall:  0.0
F1-score:  0.0
___________________________________
Tag  V
Precision:  1.0
Recall:  0.0
F1-score:  0.0
___________________________________
Tag  V
Precision:  1.0
Recall:  0.0
F1-score:  0.0
___________________________________
Tag  PST
Precision:  1.0
Recall:  0.0
F1-score:  0.0
___________________________________
Tag  V.PTCP
Precision:  1.0
Recall:  0.0
F1-score:  0.0
___________________________________
Tag  PL
Precision:  1.0
Recall:  0.0
F1-score:  0.0
___________________________________
Tag  V
Precision:  1.0
Recall:  0.0
F1-score:  0.0
___________________________________
Tag  DET
Precision:  0.9464475079533404
Recall:  0.9664320519761775
F1-score:  0.9563353870881328
___________________________________
Tag  SG
Precision:  1.0
Recall:  0.0
F1-score:  0.0
___________________________________
Tag  REFL
Precision:  1.0
Recall:  0.0
F1-score:  0.0
___________________________________
Tag  ACC
Precision:  1.0
Recall:  0.0
F1-score:  0.0
___________________________________
Tag  PRO
Precision:  1.0
Recall:  0.0
F1-score:  0.0
___________________________________
Tag  1
Precision:  1.0
Recall:  0.0
F1-score:  0.0
___________________________________
Tag  PL
Precision:  1.0
Recall:  0.0
F1-score:  0.0
___________________________________
Tag  PRO
Precision:  1.0
Recall:  0.0
F1-score:  0.0
___________________________________
Tag  3
Precision:  1.0
Recall:  0.0
F1-score:  0.0
___________________________________
Tag  IND
Precision:  1.0
Recall:  0.0
F1-score:  0.0
___________________________________
Tag  3
Precision:  1.0
Recall:  0.0
F1-score:  0.0
___________________________________
Tag  V
Precision:  1.0
Recall:  0.0
F1-score:  0.0
___________________________________
Tag  FIN
Precision:  1.0
Recall:  0.0
F1-score:  0.0
___________________________________
Tag  SG
Precision:  1.0
Recall:  0.0
F1-score:  0.0
___________________________________
Tag  PST
Precision:  1.0
Recall:  0.0
F1-score:  0.0
___________________________________
Tag  V.PTCP
Precision:  1.0
Recall:  0.0
F1-score:  0.0
___________________________________
Tag  V
Precision:  1.0
Recall:  0.0
F1-score:  0.0
___________________________________
Tag  PST
Precision:  1.0
Recall:  0.0
F1-score:  0.0
___________________________________
Tag  PASS
Precision:  1.0
Recall:  0.0
F1-score:  0.0
___________________________________
Tag  NOM
Precision:  1.0
Recall:  0.0
F1-score:  0.0
___________________________________
Tag  PL
Precision:  1.0
Recall:  0.0
F1-score:  0.0
___________________________________
Tag  PRO
Precision:  1.0
Recall:  0.0
F1-score:  0.0
___________________________________
Tag  1
Precision:  1.0
Recall:  0.0
F1-score:  0.0
___________________________________
Tag  SG
Precision:  1.0
Recall:  0.0
F1-score:  0.0
___________________________________
Tag  PRO
Precision:  1.0
Recall:  0.0
F1-score:  0.0
___________________________________
Tag  MASC
Precision:  1.0
Recall:  0.0
F1-score:  0.0
___________________________________
Tag  ACC
Precision:  1.0
Recall:  0.0
F1-score:  0.0
___________________________________
Tag  REFL
Precision:  1.0
Recall:  0.0
F1-score:  0.0
___________________________________
Tag  3
Precision:  1.0
Recall:  0.0
F1-score:  0.0
___________________________________
Tag  PRO
Precision:  1.0
Recall:  0.0
F1-score:  0.0
___________________________________
Tag  SG
Precision:  1.0
Recall:  0.0
F1-score:  0.0
___________________________________
Tag  FEM
Precision:  1.0
Recall:  0.0
F1-score:  0.0
___________________________________
Tag  3
Precision:  1.0
Recall:  0.0
F1-score:  0.0
___________________________________
Tag  V
Precision:  1.0
Recall:  0.0
F1-score:  0.0
___________________________________
Tag  PRS
Precision:  1.0
Recall:  0.0
F1-score:  0.0
___________________________________
Tag  IND
Precision:  1.0
Recall:  0.0
F1-score:  0.0
___________________________________
Tag  FIN
Precision:  1.0
Recall:  0.0
F1-score:  0.0
___________________________________
Tag  SG
Precision:  1.0
Recall:  0.0
F1-score:  0.0
___________________________________
Tag  V
Precision:  1.0
Recall:  0.0
F1-score:  0.0
___________________________________
Tag  FIN
Precision:  1.0
Recall:  0.0
F1-score:  0.0
___________________________________
Tag  PRS
Precision:  1.0
Recall:  0.0
F1-score:  0.0
___________________________________
Tag  IND
Precision:  1.0
Recall:  0.0
F1-score:  0.0
___________________________________
Tag  3
Precision:  1.0
Recall:  0.0
F1-score:  0.0
___________________________________
Tag  PL
Precision:  1.0
Recall:  0.0
F1-score:  0.0
___________________________________
Tag  DET
Precision:  1.0
Recall:  0.0
F1-score:  0.0
___________________________________
Tag  MASC
Precision:  1.0
Recall:  0.0
F1-score:  0.0
___________________________________
Tag  3
Precision:  1.0
Recall:  0.0
F1-score:  0.0
___________________________________
Tag  SG
Precision:  1.0
Recall:  0.0
F1-score:  0.0
___________________________________
Tag  ACC
Precision:  1.0
Recall:  0.0
F1-score:  0.0
___________________________________
Tag  PRO
Precision:  1.0
Recall:  0.0
F1-score:  0.0
___________________________________
Tag  ADV
Precision:  1.0
Recall:  0.0
F1-score:  0.0
___________________________________
Tag  RL
Precision:  1.0
Recall:  0.0
F1-score:  0.0
___________________________________
Tag  SG
Precision:  1.0
Recall:  0.0
F1-score:  0.0
___________________________________
Tag  DET
Precision:  1.0
Recall:  0.0
F1-score:  0.0
___________________________________
Tag  FIN
Precision:  1.0
Recall:  0.0
F1-score:  0.0
___________________________________
Tag  V
Precision:  1.0
Recall:  0.0
F1-score:  0.0
___________________________________
Tag  IND
Precision:  1.0
Recall:  0.0
F1-score:  0.0
___________________________________
Tag  PRS
Precision:  1.0
Recall:  0.0
F1-score:  0.0
___________________________________
Tag  SG
Precision:  1.0
Recall:  0.0
F1-score:  0.0
___________________________________
Tag  3
Precision:  1.0
Recall:  0.0
F1-score:  0.0
___________________________________
Tag  V
Precision:  1.0
Recall:  0.0
F1-score:  0.0
___________________________________
Tag  SG
Precision:  1.0
Recall:  0.0
F1-score:  0.0
___________________________________
Tag  PST
Precision:  1.0
Recall:  0.0
F1-score:  0.0
___________________________________
Tag  FIN
Precision:  1.0
Recall:  0.0
F1-score:  0.0
___________________________________
Tag  1
Precision:  1.0
Recall:  0.0
F1-score:  0.0
___________________________________
Tag  IND
Precision:  1.0
Recall:  0.0
F1-score:  0.0
___________________________________
Tag  IND
Precision:  1.0
Recall:  0.0
F1-score:  0.0
___________________________________
Tag  V
Precision:  1.0
Recall:  0.0
F1-score:  0.0
___________________________________
Tag  FIN
Precision:  1.0
Recall:  0.0
F1-score:  0.0
___________________________________
Tag  PRS
Precision:  1.0
Recall:  0.0
F1-score:  0.0
___________________________________
Tag  NOM
Precision:  1.0
Recall:  0.0
F1-score:  0.0
___________________________________
Tag  PRO
Precision:  1.0
Recall:  0.0
F1-score:  0.0
___________________________________
Tag  1
Precision:  1.0
Recall:  0.0
F1-score:  0.0
___________________________________
Tag  SG
Precision:  1.0
Recall:  0.0
F1-score:  0.0
___________________________________
Tag  FIN
Precision:  1.0
Recall:  0.0
F1-score:  0.0
___________________________________
Tag  V
Precision:  1.0
Recall:  0.0
F1-score:  0.0
___________________________________
Tag  IND
Precision:  1.0
Recall:  0.0
F1-score:  0.0
___________________________________
Tag  1
Precision:  1.0
Recall:  0.0
F1-score:  0.0
___________________________________
Tag  SG
Precision:  1.0
Recall:  0.0
F1-score:  0.0
___________________________________
Tag  PST
Precision:  1.0
Recall:  0.0
F1-score:  0.0
___________________________________
Tag  IND
Precision:  1.0
Recall:  0.0
F1-score:  0.0
___________________________________
Tag  PST
Precision:  1.0
Recall:  0.0
F1-score:  0.0
___________________________________
Tag  V
Precision:  1.0
Recall:  0.0
F1-score:  0.0
___________________________________
Tag  FIN
Precision:  1.0
Recall:  0.0
F1-score:  0.0
___________________________________
Tag  MASC
Precision:  1.0
Recall:  0.0
F1-score:  0.0
___________________________________
Tag  3
Precision:  1.0
Recall:  0.0
F1-score:  0.0
___________________________________
Tag  SG
Precision:  1.0
Recall:  0.0
F1-score:  0.0
___________________________________
Tag  REFL
Precision:  1.0
Recall:  0.0
F1-score:  0.0
___________________________________
Tag  ACC
Precision:  1.0
Recall:  0.0
F1-score:  0.0
___________________________________
Tag  PRO
Precision:  1.0
Recall:  0.0
F1-score:  0.0
___________________________________
Tag  NUM
Precision:  0.9402985074626866
Recall:  0.9921259842519685
F1-score:  0.9655172413793104
___________________________________
Tag  PL
Precision:  1.0
Recall:  0.0
F1-score:  0.0
___________________________________
Tag  PROPN
Precision:  1.0
Recall:  0.0
F1-score:  0.0
___________________________________
Tag  ADV
Precision:  0.8910614525139665
Recall:  0.7767857142857143
F1-score:  0.8300086730268863
___________________________________
Tag  V
Precision:  1.0
Recall:  0.0
F1-score:  0.0
___________________________________
Tag  SG
Precision:  1.0
Recall:  0.0
F1-score:  0.0
___________________________________
Tag  FIN
Precision:  1.0
Recall:  0.0
F1-score:  0.0
___________________________________
Tag  1
Precision:  1.0
Recall:  0.0
F1-score:  0.0
___________________________________
Tag  PRS
Precision:  1.0
Recall:  0.0
F1-score:  0.0
___________________________________
Tag  IND
Precision:  1.0
Recall:  0.0
F1-score:  0.0
___________________________________
Tag  FEM
Precision:  1.0
Recall:  0.0
F1-score:  0.0
___________________________________
Tag  SG
Precision:  1.0
Recall:  0.0
F1-score:  0.0
___________________________________
Tag  PRO
Precision:  1.0
Recall:  0.0
F1-score:  0.0
___________________________________
Tag  NOM
Precision:  1.0
Recall:  0.0
F1-score:  0.0
___________________________________
Tag  3
Precision:  1.0
Recall:  0.0
F1-score:  0.0
___________________________________
Tag  V.MSDR
Precision:  1.0
Recall:  0.0
F1-score:  0.0
___________________________________
Tag  V
Precision:  1.0
Recall:  0.0
F1-score:  0.0
___________________________________
Tag  SG
Precision:  1.0
Recall:  0.0
F1-score:  0.0
___________________________________
Tag  V
Precision:  1.0
Recall:  0.0
F1-score:  0.0
___________________________________
Tag  PST
Precision:  1.0
Recall:  0.0
F1-score:  0.0
___________________________________
Tag  FIN
Precision:  1.0
Recall:  0.0
F1-score:  0.0
___________________________________
Tag  IND
Precision:  1.0
Recall:  0.0
F1-score:  0.0
___________________________________
Tag  3
Precision:  1.0
Recall:  0.0
F1-score:  0.0
___________________________________
Tag  PROPN
Precision:  1.0
Recall:  0.0
F1-score:  0.0
___________________________________
Tag  SG
Precision:  1.0
Recall:  0.0
F1-score:  0.0
___________________________________
Tag  NOM
Precision:  1.0
Recall:  0.0
F1-score:  0.0
___________________________________
Tag  2
Precision:  1.0
Recall:  0.0
F1-score:  0.0
___________________________________
Tag  PRO
Precision:  1.0
Recall:  0.0
F1-score:  0.0
___________________________________
Tag  NOM
Precision:  1.0
Recall:  0.0
F1-score:  0.0
___________________________________
Tag  PRO
Precision:  1.0
Recall:  0.0
F1-score:  0.0
___________________________________
Tag  PL
Precision:  1.0
Recall:  0.0
F1-score:  0.0
___________________________________
Tag  3
Precision:  1.0
Recall:  0.0
F1-score:  0.0
___________________________________
Tag  PRO
Precision:  0.8955472326258843
Recall:  0.9944547134935305
F1-score:  0.9424129625574775
___________________________________
Tag  2
Precision:  1.0
Recall:  0.0
F1-score:  0.0
___________________________________
Tag  SG
Precision:  1.0
Recall:  0.0
F1-score:  0.0
___________________________________
Tag  REFL
Precision:  1.0
Recall:  0.0
F1-score:  0.0
___________________________________
Tag  ACC
Precision:  1.0
Recall:  0.0
F1-score:  0.0
___________________________________
Tag  PRO
Precision:  1.0
Recall:  0.0
F1-score:  0.0
___________________________________
Tag  IND
Precision:  1.0
Recall:  0.0
F1-score:  0.0
___________________________________
Tag  V
Precision:  1.0
Recall:  0.0
F1-score:  0.0
___________________________________
Tag  FIN
Precision:  1.0
Recall:  0.0
F1-score:  0.0
___________________________________
Tag  SG
Precision:  1.0
Recall:  0.0
F1-score:  0.0
___________________________________
Tag  PST
Precision:  1.0
Recall:  0.0
F1-score:  0.0
___________________________________
Tag  PRO
Precision:  1.0
Recall:  0.0
F1-score:  0.0
___________________________________
Tag  MASC
Precision:  1.0
Recall:  0.0
F1-score:  0.0
___________________________________
Tag  SG
Precision:  1.0
Recall:  0.0
F1-score:  0.0
___________________________________
Tag  ACC
Precision:  1.0
Recall:  0.0
F1-score:  0.0
___________________________________
Tag  3
Precision:  1.0
Recall:  0.0
F1-score:  0.0
___________________________________
Tag  INDF
Precision:  1.0
Recall:  0.0
F1-score:  0.0
___________________________________
Tag  DET
Precision:  1.0
Recall:  0.0
F1-score:  0.0
___________________________________
Tag  NOM
Precision:  1.0
Recall:  0.0
F1-score:  0.0
___________________________________
Tag  PRO
Precision:  1.0
Recall:  0.0
F1-score:  0.0
___________________________________
Tag  PL
Precision:  1.0
Recall:  0.0
F1-score:  0.0
___________________________________
Tag  1
Precision:  1.0
Recall:  0.0
F1-score:  0.0
___________________________________
Tag  SG
Precision:  1.0
Recall:  0.0
F1-score:  0.0
___________________________________
Tag  PRO
Precision:  1.0
Recall:  0.0
F1-score:  0.0
___________________________________
Tag  NOM
Precision:  1.0
Recall:  0.0
F1-score:  0.0
___________________________________
Tag  1
Precision:  1.0
Recall:  0.0
F1-score:  0.0
___________________________________
Tag  DET
Precision:  1.0
Recall:  0.0
F1-score:  0.0
___________________________________
Tag  SG
Precision:  1.0
Recall:  0.0
F1-score:  0.0
___________________________________
Tag  FIN
Precision:  1.0
Recall:  0.0
F1-score:  0.0
___________________________________
Tag  V
Precision:  1.0
Recall:  0.0
F1-score:  0.0
___________________________________
Tag  IND
Precision:  1.0
Recall:  0.0
F1-score:  0.0
___________________________________
Tag  SG
Precision:  1.0
Recall:  0.0
F1-score:  0.0
___________________________________
Tag  PST
Precision:  1.0
Recall:  0.0
F1-score:  0.0
___________________________________
Tag  3
Precision:  1.0
Recall:  0.0
F1-score:  0.0
___________________________________
Tag  2
Precision:  1.0
Recall:  0.0
F1-score:  0.0
___________________________________
Tag  ACC
Precision:  1.0
Recall:  0.0
F1-score:  0.0
___________________________________
Tag  PRO
Precision:  1.0
Recall:  0.0
F1-score:  0.0
___________________________________
Tag  FIN
Precision:  1.0
Recall:  0.0
F1-score:  0.0
___________________________________
Tag  V
Precision:  1.0
Recall:  0.0
F1-score:  0.0
___________________________________
Tag  FIN
Precision:  1.0
Recall:  0.0
F1-score:  0.0
___________________________________
Tag  IND
Precision:  1.0
Recall:  0.0
F1-score:  0.0
___________________________________
Tag  PRS
Precision:  1.0
Recall:  0.0
F1-score:  0.0
___________________________________
Tag  V
Precision:  1.0
Recall:  0.0
F1-score:  0.0
___________________________________
Tag  SG
Precision:  1.0
Recall:  0.0
F1-score:  0.0
___________________________________
Tag  3
Precision:  1.0
Recall:  0.0
F1-score:  0.0
___________________________________
Tag  SG
Precision:  1.0
Recall:  0.0
F1-score:  0.0
___________________________________
Tag  1
Precision:  1.0
Recall:  0.0
F1-score:  0.0
___________________________________
Tag  PRO
Precision:  1.0
Recall:  0.0
F1-score:  0.0
___________________________________
Tag  ADJ
Precision:  1.0
Recall:  0.0
F1-score:  0.0
___________________________________
Tag  SG
Precision:  1.0
Recall:  0.0
F1-score:  0.0
___________________________________
Tag  IND
Precision:  1.0
Recall:  0.0
F1-score:  0.0
___________________________________
Tag  V
Precision:  1.0
Recall:  0.0
F1-score:  0.0
___________________________________
Tag  FIN
Precision:  1.0
Recall:  0.0
F1-score:  0.0
___________________________________
Tag  SG
Precision:  1.0
Recall:  0.0
F1-score:  0.0
___________________________________
Tag  PST
Precision:  1.0
Recall:  0.0
F1-score:  0.0
___________________________________
Tag  1
Precision:  1.0
Recall:  0.0
F1-score:  0.0
___________________________________
Tag  SG
Precision:  1.0
Recall:  0.0
F1-score:  0.0
___________________________________
Tag  N
Precision:  1.0
Recall:  0.0
F1-score:  0.0
___________________________________
Tag  V.PTCP
Precision:  1.0
Recall:  0.0
F1-score:  0.0
___________________________________
Tag  V
Precision:  1.0
Recall:  0.0
F1-score:  0.0
___________________________________
Tag  PRS
Precision:  1.0
Recall:  0.0
F1-score:  0.0
___________________________________
Tag  CMPR
Precision:  1.0
Recall:  0.0
F1-score:  0.0
___________________________________
Tag  ADV
Precision:  1.0
Recall:  0.0
F1-score:  0.0
___________________________________
Tag  SG
Precision:  1.0
Recall:  0.0
F1-score:  0.0
___________________________________
Tag  PROPN
Precision:  1.0
Recall:  0.0
F1-score:  0.0
___________________________________
Tag  N
Precision:  1.0
Recall:  0.0
F1-score:  0.0
___________________________________
Tag  PL
Precision:  1.0
Recall:  0.0
F1-score:  0.0
___________________________________
Tag  IND
Precision:  1.0
Recall:  0.0
F1-score:  0.0
___________________________________
Tag  3
Precision:  1.0
Recall:  0.0
F1-score:  0.0
___________________________________
Tag  V
Precision:  1.0
Recall:  0.0
F1-score:  0.0
___________________________________
Tag  FIN
Precision:  1.0
Recall:  0.0
F1-score:  0.0
___________________________________
Tag  SG
Precision:  1.0
Recall:  0.0
F1-score:  0.0
___________________________________
Tag  PRS
Precision:  1.0
Recall:  0.0
F1-score:  0.0
___________________________________
Tag  SG
Precision:  1.0
Recall:  0.0
F1-score:  0.0
___________________________________
Tag  PRO
Precision:  1.0
Recall:  0.0
F1-score:  0.0
___________________________________
Tag  ACC
Precision:  1.0
Recall:  0.0
F1-score:  0.0
___________________________________
Tag  REFL
Precision:  1.0
Recall:  0.0
F1-score:  0.0
___________________________________
Tag  1
Precision:  1.0
Recall:  0.0
F1-score:  0.0
___________________________________
Tag  DET
Precision:  1.0
Recall:  0.0
F1-score:  0.0
___________________________________
Tag  PL
Precision:  1.0
Recall:  0.0
F1-score:  0.0
___________________________________
Tag  V
Precision:  1.0
Recall:  0.0
F1-score:  0.0
___________________________________
Tag  PST
Precision:  1.0
Recall:  0.0
F1-score:  0.0
___________________________________
Tag  IND
Precision:  1.0
Recall:  0.0
F1-score:  0.0
___________________________________
Tag  FIN
Precision:  1.0
Recall:  0.0
F1-score:  0.0
___________________________________
Tag  PL
Precision:  1.0
Recall:  0.0
F1-score:  0.0
___________________________________
Tag  ACC
Precision:  1.0
Recall:  0.0
F1-score:  0.0
___________________________________
Tag  PRO
Precision:  1.0
Recall:  0.0
F1-score:  0.0
___________________________________
Tag  1
Precision:  1.0
Recall:  0.0
F1-score:  0.0
___________________________________
Tag  FIN
Precision:  1.0
Recall:  0.0
F1-score:  0.0
___________________________________
Tag  V
Precision:  1.0
Recall:  0.0
F1-score:  0.0
___________________________________
Tag  IND
Precision:  1.0
Recall:  0.0
F1-score:  0.0
___________________________________
Tag  1
Precision:  1.0
Recall:  0.0
F1-score:  0.0
___________________________________
Tag  PRS
Precision:  1.0
Recall:  0.0
F1-score:  0.0
___________________________________
Tag  SG
Precision:  1.0
Recall:  0.0
F1-score:  0.0
___________________________________
Tag  DET
Precision:  1.0
Recall:  0.0
F1-score:  0.0
___________________________________
Tag  DEF
Precision:  1.0
Recall:  0.0
F1-score:  0.0
___________________________________
Tag  V
Precision:  1.0
Recall:  0.0
F1-score:  0.0
___________________________________
Tag  NFIN
Precision:  1.0
Recall:  0.0
F1-score:  0.0
___________________________________
Tag  PL
Precision:  1.0
Recall:  0.0
F1-score:  0.0
___________________________________
Tag  PRO
Precision:  1.0
Recall:  0.0
F1-score:  0.0
___________________________________
Tag  NOM
Precision:  1.0
Recall:  0.0
F1-score:  0.0
___________________________________
Tag  3
Precision:  1.0
Recall:  0.0
F1-score:  0.0
___________________________________
Tag  FIN
Precision:  1.0
Recall:  0.0
F1-score:  0.0
___________________________________
Tag  IND
Precision:  1.0
Recall:  0.0
F1-score:  0.0
___________________________________
Tag  V
Precision:  1.0
Recall:  0.0
F1-score:  0.0
___________________________________
Tag  SG
Precision:  1.0
Recall:  0.0
F1-score:  0.0
___________________________________
Tag  PST
Precision:  1.0
Recall:  0.0
F1-score:  0.0
___________________________________
Tag  3
Precision:  1.0
Recall:  0.0
F1-score:  0.0
___________________________________
Tag  PRS
Precision:  1.0
Recall:  0.0
F1-score:  0.0
___________________________________
Tag  IND
Precision:  1.0
Recall:  0.0
F1-score:  0.0
___________________________________
Tag  FIN
Precision:  1.0
Recall:  0.0
F1-score:  0.0
___________________________________
Tag  SG
Precision:  1.0
Recall:  0.0
F1-score:  0.0
___________________________________
Tag  V
Precision:  1.0
Recall:  0.0
F1-score:  0.0
___________________________________
Tag  1
Precision:  1.0
Recall:  0.0
F1-score:  0.0
___________________________________
Tag  SG
Precision:  1.0
Recall:  0.0
F1-score:  0.0
___________________________________
Tag  PRO
Precision:  1.0
Recall:  0.0
F1-score:  0.0
___________________________________
Tag  NOM
Precision:  1.0
Recall:  0.0
F1-score:  0.0
___________________________________
Tag  NEUT
Precision:  1.0
Recall:  0.0
F1-score:  0.0
___________________________________
Tag  3
Precision:  1.0
Recall:  0.0
F1-score:  0.0
___________________________________
Tag  N
Precision:  1.0
Recall:  0.0
F1-score:  0.0
___________________________________
Tag  SG
Precision:  1.0
Recall:  0.0
F1-score:  0.0
___________________________________
Tag  V
Precision:  1.0
Recall:  0.0
F1-score:  0.0
___________________________________
Tag  FIN
Precision:  1.0
Recall:  0.0
F1-score:  0.0
___________________________________
Tag  PRS
Precision:  1.0
Recall:  0.0
F1-score:  0.0
___________________________________
Tag  IND
Precision:  1.0
Recall:  0.0
F1-score:  0.0
___________________________________
Tag  V.PTCP
Precision:  1.0
Recall:  0.0
F1-score:  0.0
___________________________________
Tag  PASS
Precision:  1.0
Recall:  0.0
F1-score:  0.0
___________________________________
Tag  PST
Precision:  1.0
Recall:  0.0
F1-score:  0.0
___________________________________
Tag  V
Precision:  1.0
Recall:  0.0
F1-score:  0.0
___________________________________
Tag  PRO
Precision:  1.0
Recall:  0.0
F1-score:  0.0
___________________________________
Tag  PL
Precision:  1.0
Recall:  0.0
F1-score:  0.0
___________________________________
Tag  3
Precision:  1.0
Recall:  0.0
F1-score:  0.0
___________________________________
Tag  SG
Precision:  1.0
Recall:  0.0
F1-score:  0.0
___________________________________
Tag  PRO
Precision:  1.0
Recall:  0.0
F1-score:  0.0
___________________________________
Tag  NEUT
Precision:  1.0
Recall:  0.0
F1-score:  0.0
___________________________________
Tag  PRS
Precision:  1.0
Recall:  0.0
F1-score:  0.0
___________________________________
Tag  IND
Precision:  1.0
Recall:  0.0
F1-score:  0.0
___________________________________
Tag  V
Precision:  1.0
Recall:  0.0
F1-score:  0.0
___________________________________
Tag  FIN
Precision:  1.0
Recall:  0.0
F1-score:  0.0
___________________________________
Tag  IND
Precision:  1.0
Recall:  0.0
F1-score:  0.0
___________________________________
Tag  3
Precision:  1.0
Recall:  0.0
F1-score:  0.0
___________________________________
Tag  FIN
Precision:  1.0
Recall:  0.0
F1-score:  0.0
___________________________________
Tag  SG
Precision:  1.0
Recall:  0.0
F1-score:  0.0
___________________________________
Tag  PST
Precision:  1.0
Recall:  0.0
F1-score:  0.0
___________________________________
Tag  V
Precision:  1.0
Recall:  0.0
F1-score:  0.0
___________________________________
Tag  PRO
Precision:  1.0
Recall:  0.0
F1-score:  0.0
___________________________________
Tag  2
Precision:  1.0
Recall:  0.0
F1-score:  0.0
___________________________________
Tag  ACC
Precision:  1.0
Recall:  0.0
F1-score:  0.0
___________________________________
Tag  V
Precision:  1.0
Recall:  0.0
F1-score:  0.0
___________________________________
Tag  SG
Precision:  1.0
Recall:  0.0
F1-score:  0.0
___________________________________
Tag  FIN
Precision:  1.0
Recall:  0.0
F1-score:  0.0
___________________________________
Tag  PRS
Precision:  1.0
Recall:  0.0
F1-score:  0.0
___________________________________
Tag  IND
Precision:  1.0
Recall:  0.0
F1-score:  0.0
___________________________________
Tag  3
Precision:  1.0
Recall:  0.0
F1-score:  0.0
___________________________________
Tag  IND
Precision:  1.0
Recall:  0.0
F1-score:  0.0
___________________________________
Tag  V
Precision:  1.0
Recall:  0.0
F1-score:  0.0
___________________________________
Tag  FIN
Precision:  1.0
Recall:  0.0
F1-score:  0.0
___________________________________
Tag  PST
Precision:  1.0
Recall:  0.0
F1-score:  0.0
___________________________________
Tag  V.PTCP
Precision:  1.0
Recall:  0.0
F1-score:  0.0
___________________________________
Tag  PST
Precision:  1.0
Recall:  0.0
F1-score:  0.0
___________________________________
Tag  V
Precision:  1.0
Recall:  0.0
F1-score:  0.0
___________________________________
Tag  3
Precision:  1.0
Recall:  0.0
F1-score:  0.0
___________________________________
Tag  SG
Precision:  1.0
Recall:  0.0
F1-score:  0.0
___________________________________
Tag  ACC
Precision:  1.0
Recall:  0.0
F1-score:  0.0
___________________________________
Tag  PRO
Precision:  1.0
Recall:  0.0
F1-score:  0.0
___________________________________
Tag  FEM
Precision:  1.0
Recall:  0.0
F1-score:  0.0
___________________________________
Tag  V.PTCP
Precision:  1.0
Recall:  0.0
F1-score:  0.0
___________________________________
Tag  PRS
Precision:  1.0
Recall:  0.0
F1-score:  0.0
___________________________________
Tag  V
Precision:  1.0
Recall:  0.0
F1-score:  0.0
___________________________________
Tag  2
Precision:  1.0
Recall:  0.0
F1-score:  0.0
___________________________________
Tag  PRO
Precision:  1.0
Recall:  0.0
F1-score:  0.0
___________________________________
Tag  ACC
Precision:  1.0
Recall:  0.0
F1-score:  0.0
___________________________________
Tag  V.PTCP
Precision:  1.0
Recall:  0.0
F1-score:  0.0
___________________________________
Tag  V
Precision:  1.0
Recall:  0.0
F1-score:  0.0
___________________________________
Tag  PST
Precision:  1.0
Recall:  0.0
F1-score:  0.0
___________________________________
Tag  MASC
Precision:  1.0
Recall:  0.0
F1-score:  0.0
___________________________________
Tag  NOM
Precision:  1.0
Recall:  0.0
F1-score:  0.0
___________________________________
Tag  3
Precision:  1.0
Recall:  0.0
F1-score:  0.0
___________________________________
Tag  SG
Precision:  1.0
Recall:  0.0
F1-score:  0.0
___________________________________
Tag  PRO
Precision:  1.0
Recall:  0.0
F1-score:  0.0
___________________________________
Tag  PL
Precision:  1.0
Recall:  0.0
F1-score:  0.0
___________________________________
Tag  3
Precision:  1.0
Recall:  0.0
F1-score:  0.0
___________________________________
Tag  PRO
Precision:  1.0
Recall:  0.0
F1-score:  0.0
___________________________________
Tag  SG
Precision:  1.0
Recall:  0.0
F1-score:  0.0
___________________________________
Tag  ACC
Precision:  1.0
Recall:  0.0
F1-score:  0.0
___________________________________
Tag  PRO
Precision:  1.0
Recall:  0.0
F1-score:  0.0
___________________________________
Tag  1
Precision:  1.0
Recall:  0.0
F1-score:  0.0
___________________________________
Tag  ADJ
Precision:  0.92109375
Recall:  0.8463747307968413
F1-score:  0.882154882154882
___________________________________
Tag  ADJ
Precision:  1.0
Recall:  0.0
F1-score:  0.0
___________________________________
Tag  RL
Precision:  1.0
Recall:  0.0
F1-score:  0.0
___________________________________
Tag  IND
Precision:  1.0
Recall:  0.0
F1-score:  0.0
___________________________________
Tag  V
Precision:  1.0
Recall:  0.0
F1-score:  0.0
___________________________________
Tag  FIN
Precision:  1.0
Recall:  0.0
F1-score:  0.0
___________________________________
Tag  SG
Precision:  1.0
Recall:  0.0
F1-score:  0.0
___________________________________
Tag  1
Precision:  1.0
Recall:  0.0
F1-score:  0.0
___________________________________
Tag  PRS
Precision:  1.0
Recall:  0.0
F1-score:  0.0
___________________________________
Tag  PRO
Precision:  1.0
Recall:  0.0
F1-score:  0.0
___________________________________
Tag  SG
Precision:  1.0
Recall:  0.0
F1-score:  0.0
___________________________________
Tag  FIN
Precision:  1.0
Recall:  0.0
F1-score:  0.0
___________________________________
Tag  V
Precision:  1.0
Recall:  0.0
F1-score:  0.0
___________________________________
Tag  IND
Precision:  1.0
Recall:  0.0
F1-score:  0.0
___________________________________
Tag  SG
Precision:  1.0
Recall:  0.0
F1-score:  0.0
___________________________________
Tag  PST
Precision:  1.0
Recall:  0.0
F1-score:  0.0
___________________________________
Tag  PST
Precision:  1.0
Recall:  0.0
F1-score:  0.0
___________________________________
Tag  V.PTCP
Precision:  1.0
Recall:  0.0
F1-score:  0.0
___________________________________
Tag  V
Precision:  1.0
Recall:  0.0
F1-score:  0.0
___________________________________
Tag  PASS
Precision:  1.0
Recall:  0.0
F1-score:  0.0
___________________________________
Tag  CMPR
Precision:  1.0
Recall:  0.0
F1-score:  0.0
___________________________________
Tag  ADJ
Precision:  1.0
Recall:  0.0
F1-score:  0.0
___________________________________
Tag  PL
Precision:  1.0
Recall:  0.0
F1-score:  0.0
___________________________________
Tag  3
Precision:  1.0
Recall:  0.0
F1-score:  0.0
___________________________________
Tag  ACC
Precision:  1.0
Recall:  0.0
F1-score:  0.0
___________________________________
Tag  PRO
Precision:  1.0
Recall:  0.0
F1-score:  0.0
___________________________________
Tag  V
Precision:  1.0
Recall:  0.0
F1-score:  0.0
___________________________________
Tag  V.MSDR
Precision:  1.0
Recall:  0.0
F1-score:  0.0
___________________________________
Tag  INTJ
Precision:  0.9666666666666667
Recall:  0.8169014084507042
F1-score:  0.8854961832061069
___________________________________
Tag  IND
Precision:  1.0
Recall:  0.0
F1-score:  0.0
___________________________________
Tag  3
Precision:  1.0
Recall:  0.0
F1-score:  0.0
___________________________________
Tag  FIN
Precision:  1.0
Recall:  0.0
F1-score:  0.0
___________________________________
Tag  SG
Precision:  1.0
Recall:  0.0
F1-score:  0.0
___________________________________
Tag  V
Precision:  1.0
Recall:  0.0
F1-score:  0.0
___________________________________
Tag  PRS
Precision:  1.0
Recall:  0.0
F1-score:  0.0
___________________________________
Tag  PL
Precision:  1.0
Recall:  0.0
F1-score:  0.0
___________________________________
Tag  N
Precision:  1.0
Recall:  0.0
F1-score:  0.0
___________________________________
Tag  IND
Precision:  1.0
Recall:  0.0
F1-score:  0.0
___________________________________
Tag  PRS
Precision:  1.0
Recall:  0.0
F1-score:  0.0
___________________________________
Tag  V
Precision:  1.0
Recall:  0.0
F1-score:  0.0
___________________________________
Tag  FIN
Precision:  1.0
Recall:  0.0
F1-score:  0.0
___________________________________

