Running base line on Russian
Total:  9526
Total UNK words:  2424
Correct:  5366
Over all accuracy:  0.5633004408985933
Over all precision:  0.7555618135736413
Over all recall:  0.5633004408985933
Overall F1-score:  0.6454173682944432

Tag  ACC;PFV;SG;PASS;INAN;V;MASC;V.PTCP;PST
Precision:  1.0
Recall:  0.0
F1-score:  0.0
___________________________________
Tag  PRO;NOM;PL;1
Precision:  1.0
Recall:  1.0
F1-score:  1.0
___________________________________
Tag  INAN;PL;ADJ;INS
Precision:  0.6666666666666666
Recall:  0.13333333333333333
F1-score:  0.2222222222222222
___________________________________
Tag  DET;ACC;PL;INAN
Precision:  1.0
Recall:  0.0
F1-score:  0.0
___________________________________
Tag  NEUT;INAN;N;NOM;SG
Precision:  1.0
Recall:  0.0
F1-score:  0.0
___________________________________
Tag  PRO;3;INS;PL
Precision:  1.0
Recall:  1.0
F1-score:  1.0
___________________________________
Tag  NFIN;IPFV;MID;V
Precision:  1.0
Recall:  0.0
F1-score:  0.0
___________________________________
Tag  PRO;ANIM;PL;INS
Precision:  1.0
Recall:  0.0
F1-score:  0.0
___________________________________
Tag  N;ESS;MASC;ANIM;SG
Precision:  1.0
Recall:  0.0
F1-score:  0.0
___________________________________
Tag  FIN;PFV;PL;IND;V;PST
Precision:  1.0
Recall:  0.0
F1-score:  0.0
___________________________________
Tag  ACC;SG;FEM;ADJ;INAN
Precision:  1.0
Recall:  0.36363636363636365
F1-score:  0.5333333333333333
___________________________________
Tag  ACC;SG;NEUT;PROPN;INAN
Precision:  1.0
Recall:  0.0
F1-score:  0.0
___________________________________
Tag  PL;ADJ;ANIM;NOM
Precision:  0.4
Recall:  0.16666666666666666
F1-score:  0.23529411764705882
___________________________________
Tag  GEN;PFV;PASS;ANIM;V;PL;PST;V.PTCP
Precision:  1.0
Recall:  0.0
F1-score:  0.0
___________________________________
Tag  SG;N;DAT;ANIM;MASC
Precision:  0.6666666666666666
Recall:  0.5
F1-score:  0.5714285714285715
___________________________________
Tag  MASC;INAN;V;PASS;NOM;SG;V.PTCP;PFV;PST
Precision:  1.0
Recall:  0.0
F1-score:  0.0
___________________________________
Tag  SG;FEM;DAT;INAN;DET
Precision:  1.0
Recall:  1.0
F1-score:  1.0
___________________________________
Tag  MASC;INAN;V;PASS;NOM;SG;V.PTCP;IPFV;PRS
Precision:  1.0
Recall:  0.0
F1-score:  0.0
___________________________________
Tag  DET;ANIM;PL;DAT
Precision:  1.0
Recall:  0.0
F1-score:  0.0
___________________________________
Tag  PST;PL;V;IPFV;IND;FIN
Precision:  1.0
Recall:  0.0
F1-score:  0.0
___________________________________
Tag  PL;ADJ;ANIM;DAT
Precision:  1.0
Recall:  0.0
F1-score:  0.0
___________________________________
Tag  CONJ
Precision:  0.9264705882352942
Recall:  0.9210526315789473
F1-score:  0.9237536656891495
___________________________________
Tag  3;SG;PRO;INS;MASC
Precision:  0.3333333333333333
Recall:  0.3333333333333333
F1-score:  0.3333333333333333
___________________________________
Tag  ADJ;INAN;ESS;MASC;SG
Precision:  1.0
Recall:  0.0
F1-score:  0.0
___________________________________
Tag  N;ANIM;INS;PL;MASC
Precision:  0.8
Recall:  0.25
F1-score:  0.38095238095238093
___________________________________
Tag  FEM;DAT;N;ANIM;SG
Precision:  1.0
Recall:  0.0
F1-score:  0.0
___________________________________
Tag  SG;DAT;INAN;DET;REFL;MASC
Precision:  1.0
Recall:  0.0
F1-score:  0.0
___________________________________
Tag  PST;PASS;MASC;V;PFV;ANIM;SG;V.PTCP;GEN
Precision:  1.0
Recall:  0.0
F1-score:  0.0
___________________________________
Tag  INAN;NOM;SG;N;NEUT
Precision:  1.0
Recall:  0.0
F1-score:  0.0
___________________________________
Tag  FIN;V;SG;NEUT;IND;IPFV;PST
Precision:  1.0
Recall:  0.0
F1-score:  0.0
___________________________________
Tag  MASC;INAN;PL;PROPN;ESS
Precision:  1.0
Recall:  0.0
F1-score:  0.0
___________________________________
Tag  SG;ADJ;INAN;NOM;MASC
Precision:  0.15384615384615385
Recall:  0.09523809523809523
F1-score:  0.11764705882352941
___________________________________
Tag  PRO;ACC;REFL
Precision:  1.0
Recall:  1.0
F1-score:  1.0
___________________________________
Tag  NUM;GEN
Precision:  1.0
Recall:  0.0
F1-score:  0.0
___________________________________
Tag  SG;N;ANIM;NOM;MASC
Precision:  0.7142857142857143
Recall:  0.4838709677419355
F1-score:  0.5769230769230769
___________________________________
Tag  SG;ADJ;ESS;INAN;MASC
Precision:  0.47368421052631576
Recall:  0.3253012048192771
F1-score:  0.3857142857142857
___________________________________
Tag  ACT;SG;FEM;INAN;NOM;PRS;V;V.PTCP;IPFV
Precision:  1.0
Recall:  0.0
F1-score:  0.0
___________________________________
Tag  NEUT;PL;INS;INAN;N
Precision:  1.0
Recall:  0.0
F1-score:  0.0
___________________________________
Tag  ACC;SG;PASS;FEM;INAN;PRS;V;V.PTCP;IPFV
Precision:  1.0
Recall:  1.0
F1-score:  1.0
___________________________________
Tag  PRO;PL;DAT;1
Precision:  1.0
Recall:  1.0
F1-score:  1.0
___________________________________
Tag  DAT;PROPN;MASC;ANIM;SG
Precision:  1.0
Recall:  0.0
F1-score:  0.0
___________________________________
Tag  MASC;FIN;V;SG;MID;IND;IPFV;PST
Precision:  1.0
Recall:  0.0
F1-score:  0.0
___________________________________
Tag  SG;N;FEM;ESS;INAN
Precision:  0.7735849056603774
Recall:  0.640625
F1-score:  0.7008547008547009
___________________________________
Tag  PRO;INS;REFL
Precision:  1.0
Recall:  1.0
F1-score:  1.0
___________________________________
Tag  MASC;INAN;GEN;NUM
Precision:  1.0
Recall:  0.0
F1-score:  0.0
___________________________________
Tag  INAN;FEM;PL;PROPN;ESS
Precision:  1.0
Recall:  0.0
F1-score:  0.0
___________________________________
Tag  NUM;GEN;SG;FEM;INAN
Precision:  1.0
Recall:  0.0
F1-score:  0.0
___________________________________
Tag  PST;PL;MID;V;PFV;IND;FIN
Precision:  1.0
Recall:  0.0
F1-score:  0.0
___________________________________
Tag  GEN;NUM
Precision:  0.3
Recall:  0.17647058823529413
F1-score:  0.22222222222222224
___________________________________
Tag  ACC;SG;FEM;INAN;DET
Precision:  1.0
Recall:  1.0
F1-score:  1.0
___________________________________
Tag  ADP
Precision:  0.9960899315738025
Recall:  0.9922103213242454
F1-score:  0.9941463414634145
___________________________________
Tag  MASC;INAN;ACC;SG;DET;REFL
Precision:  1.0
Recall:  0.0
F1-score:  0.0
___________________________________
Tag  INAN;FEM;SG;NOM;PROPN
Precision:  1.0
Recall:  0.0
F1-score:  0.0
___________________________________
Tag  NOM;NUM
Precision:  1.0
Recall:  0.0
F1-score:  0.0
___________________________________
Tag  PST;PL;NOM;V;PFV;ANIM;V.PTCP;PASS
Precision:  1.0
Recall:  0.0
F1-score:  0.0
___________________________________
Tag  ADJ;PL;INAN;INS
Precision:  1.0
Recall:  0.0
F1-score:  0.0
___________________________________
Tag  NEUT;N;NOM;ANIM;SG
Precision:  1.0
Recall:  0.0
F1-score:  0.0
___________________________________
Tag  NUM;FEM;NOM;ANIM
Precision:  1.0
Recall:  0.0
F1-score:  0.0
___________________________________
Tag  INAN;ACC;SG;ADJ;NEUT
Precision:  1.0
Recall:  0.0
F1-score:  0.0
___________________________________
Tag  PFV;SG;IND;FIN;FEM;MID;V;PST
Precision:  0.5
Recall:  0.4
F1-score:  0.4444444444444445
___________________________________
Tag  ACT;V;ANIM;NOM;FEM;SG;V.PTCP;PFV;PST
Precision:  1.0
Recall:  0.0
F1-score:  0.0
___________________________________
Tag  ADV;RL
Precision:  1.0
Recall:  1.0
F1-score:  1.0
___________________________________
Tag  GEN;PASS;INAN;PRS;V;PL;V.PTCP;IPFV
Precision:  1.0
Recall:  0.0
F1-score:  0.0
___________________________________
Tag  ACC;N;ANIM;PL;MASC
Precision:  1.0
Recall:  0.0
F1-score:  0.0
___________________________________
Tag  ACC;FEM;INAN;PROPN;SG
Precision:  1.0
Recall:  0.0
F1-score:  0.0
___________________________________
Tag  NUM;NOM
Precision:  0.29411764705882354
Recall:  0.18518518518518517
F1-score:  0.22727272727272727
___________________________________
Tag  INAN;PRO;INS;PL
Precision:  1.0
Recall:  0.0
F1-score:  0.0
___________________________________
Tag  ACC;SG;FEM;PROPN;ANIM
Precision:  1.0
Recall:  0.0
F1-score:  0.0
___________________________________
Tag  ACT;SG;INAN;NOM;PRS;V;MASC;V.PTCP;IPFV
Precision:  1.0
Recall:  0.0
F1-score:  0.0
___________________________________
Tag  PST;PL;ACT;V.PTCP;V;PFV;ANIM;GEN
Precision:  1.0
Recall:  0.0
F1-score:  0.0
___________________________________
Tag  FUT;PFV;3;IND;SG;FIN;V
Precision:  1.0
Recall:  0.0
F1-score:  0.0
___________________________________
Tag  SG;N;INAN;NOM;MASC
Precision:  0.47560975609756095
Recall:  0.3023255813953488
F1-score:  0.3696682464454976
___________________________________
Tag  SG;N;FEM;ESS;ANIM
Precision:  1.0
Recall:  0.0
F1-score:  0.0
___________________________________
Tag  PRS;PL;3;IPFV;V;IND;FIN
Precision:  1.0
Recall:  0.0
F1-score:  0.0
___________________________________
Tag  SG;N;FEM;ANIM;NOM
Precision:  1.0
Recall:  0.5
F1-score:  0.6666666666666666
___________________________________
Tag  SG;NEUT;ESS;INAN;DET
Precision:  1.0
Recall:  0.0
F1-score:  0.0
___________________________________
Tag  ACC;PL;N;MASC;ANIM
Precision:  1.0
Recall:  0.0
F1-score:  0.0
___________________________________
Tag  PRS;MID;3;IPFV;V;SG;IND;FIN
Precision:  0.5
Recall:  0.5
F1-score:  0.5
___________________________________
Tag  NOM;NUM;INAN
Precision:  1.0
Recall:  0.0
F1-score:  0.0
___________________________________
Tag  PL;FEM;INAN;N;ESS
Precision:  1.0
Recall:  0.0
F1-score:  0.0
___________________________________
Tag  PRS;PASS;INAN;IPFV;MASC;V;V.PTCP;SG;GEN
Precision:  1.0
Recall:  0.0
F1-score:  0.0
___________________________________
Tag  SG;DAT;PROPN;ANIM;MASC
Precision:  1.0
Recall:  0.0
F1-score:  0.0
___________________________________
Tag  NEUT;ACC;INAN;N;SG
Precision:  1.0
Recall:  0.0
F1-score:  0.0
___________________________________
Tag  PST;INS;FEM;INAN;V.PTCP;V;PFV;SG;PASS
Precision:  1.0
Recall:  0.0
F1-score:  0.0
___________________________________
Tag  SG;N;FEM;DAT;ANIM
Precision:  1.0
Recall:  0.0
F1-score:  0.0
___________________________________
Tag  IPFV;NFIN;V;MID
Precision:  0.3333333333333333
Recall:  0.1111111111111111
F1-score:  0.16666666666666666
___________________________________
Tag  ACC;ADJ;INAN;MASC;SG
Precision:  1.0
Recall:  0.0
F1-score:  0.0
___________________________________
Tag  GEN;SG;FEM;PROPN;INAN
Precision:  0.7692307692307693
Recall:  0.5
F1-score:  0.6060606060606061
___________________________________
Tag  FIN;3;SG;IND;MID;V;PRS;IPFV
Precision:  1.0
Recall:  1.0
F1-score:  1.0
___________________________________
Tag  GEN;NUM;ANIM;MASC
Precision:  1.0
Recall:  0.0
F1-score:  0.0
___________________________________
Tag  GEN;SG;FEM;PROPN;ANIM
Precision:  1.0
Recall:  0.0
F1-score:  0.0
___________________________________
Tag  NFIN;V;IPFV
Precision:  1.0
Recall:  1.0
F1-score:  1.0
___________________________________
Tag  ADJ;NOM;MASC;ANIM;SG
Precision:  1.0
Recall:  0.0
F1-score:  0.0
___________________________________
Tag  PL;FEM;N;NOM;ANIM
Precision:  1.0
Recall:  0.0
F1-score:  0.0
___________________________________
Tag  PL;INS;N;MASC;ANIM
Precision:  1.0
Recall:  0.0
F1-score:  0.0
___________________________________
Tag  FEM;NOM;ANIM;SG;PRO
Precision:  1.0
Recall:  0.0
F1-score:  0.0
___________________________________
Tag  MASC;ANIM;INS;N;PL
Precision:  1.0
Recall:  0.0
F1-score:  0.0
___________________________________
Tag  SG;N;ESS;INAN;MASC
Precision:  0.9469026548672567
Recall:  0.8045112781954887
F1-score:  0.8699186991869919
___________________________________
Tag  GEN;N;ANIM;PL;MASC
Precision:  0.7941176470588235
Recall:  0.4426229508196721
F1-score:  0.5684210526315789
___________________________________
Tag  PST;MASC;V;PFV;SG;IND;FIN
Precision:  1.0
Recall:  0.0
F1-score:  0.0
___________________________________
Tag  N;NEUT;ESS;INAN;PL
Precision:  1.0
Recall:  0.0
F1-score:  0.0
___________________________________
Tag  GEN;N;NEUT;INAN;PL
Precision:  0.5882352941176471
Recall:  0.2777777777777778
F1-score:  0.3773584905660377
___________________________________
Tag  ACC;SG;PROPN;INAN;MASC
Precision:  1.0
Recall:  0.0
F1-score:  0.0
___________________________________
Tag  PST;PL;IPFV;V;IND;FIN
Precision:  1.0
Recall:  0.0
F1-score:  0.0
___________________________________
Tag  V.CVB;V;PFV
Precision:  1.0
Recall:  0.1111111111111111
F1-score:  0.19999999999999998
___________________________________
Tag  PFV;SG;PASS;NEUT;INAN;NOM;V;PST;V.PTCP
Precision:  0.8888888888888888
Recall:  0.5714285714285714
F1-score:  0.6956521739130435
___________________________________
Tag  V;FUT;3;IPFV;SG;IND;FIN
Precision:  1.0
Recall:  0.0
F1-score:  0.0
___________________________________
Tag  MASC;ANIM;ACC;N;PL
Precision:  1.0
Recall:  0.0
F1-score:  0.0
___________________________________
Tag  NUM;SG;ANIM;NOM;MASC
Precision:  1.0
Recall:  0.0
F1-score:  0.0
___________________________________
Tag  FIN;V;PFV;MID;PL;IND;PST
Precision:  1.0
Recall:  0.0
F1-score:  0.0
___________________________________
Tag  SG;FEM;ADJ;ANIM;NOM
Precision:  1.0
Recall:  0.0
F1-score:  0.0
___________________________________
Tag  GEN;NUM;ANIM;PL;MASC
Precision:  1.0
Recall:  0.0
F1-score:  0.0
___________________________________
Tag  ADJ;INAN;NOM;PL
Precision:  1.0
Recall:  0.5
F1-score:  0.6666666666666666
___________________________________
Tag  MASC;INAN;ACC;N;PL
Precision:  1.0
Recall:  0.0
F1-score:  0.0
___________________________________
Tag  NUM;SG;NEUT;ESS;INAN
Precision:  1.0
Recall:  0.0
F1-score:  0.0
___________________________________
Tag  PST;IPFV;MASC;V;SG;IND;FIN
Precision:  1.0
Recall:  0.0
F1-score:  0.0
___________________________________
Tag  ACT;PFV;SG;INAN;NOM;V;MASC;V.PTCP;PST
Precision:  1.0
Recall:  0.0
F1-score:  0.0
___________________________________
Tag  N;MASC;ANIM;SG;GEN
Precision:  1.0
Recall:  0.0
F1-score:  0.0
___________________________________
Tag  MASC;INAN;SG;GEN;N
Precision:  0.047619047619047616
Recall:  0.03225806451612903
F1-score:  0.03846153846153846
___________________________________
Tag  MASC;ANIM;SG;GEN;PRO
Precision:  1.0
Recall:  0.0
F1-score:  0.0
___________________________________
Tag  ACC;PROPN;INAN;PL;MASC
Precision:  1.0
Recall:  0.0
F1-score:  0.0
___________________________________
Tag  PROPN;INAN;NOM;PL;MASC
Precision:  1.0
Recall:  0.0
F1-score:  0.0
___________________________________
Tag  PL;INAN;PROPN;MASC;GEN
Precision:  1.0
Recall:  0.0
F1-score:  0.0
___________________________________
Tag  INAN;DET;GEN;PL
Precision:  0.8
Recall:  0.8
F1-score:  0.8000000000000002
___________________________________
Tag  GEN;SG;NEUT;PROPN;INAN
Precision:  1.0
Recall:  0.1111111111111111
F1-score:  0.19999999999999998
___________________________________
Tag  N;NEUT;ANIM;NOM;PL
Precision:  1.0
Recall:  0.0
F1-score:  0.0
___________________________________
Tag  SG;FEM;ADJ;ESS;INAN;RL
Precision:  1.0
Recall:  0.0
F1-score:  0.0
___________________________________
Tag  FIN;V;SG;PFV;IND;FUT;3
Precision:  1.0
Recall:  0.0
F1-score:  0.0
___________________________________
Tag  INAN;NOM;SG;ADJ;NEUT
Precision:  1.0
Recall:  0.0
F1-score:  0.0
___________________________________
Tag  INAN;V;PASS;FEM;NOM;SG;V.PTCP;PFV;PST
Precision:  1.0
Recall:  0.0
F1-score:  0.0
___________________________________
Tag  PFV;PASS;INAN;NOM;V;PL;PST;V.PTCP
Precision:  0.6666666666666666
Recall:  0.35294117647058826
F1-score:  0.46153846153846156
___________________________________
Tag  ACC;SG;NEUT;INAN;DET;REFL
Precision:  1.0
Recall:  1.0
F1-score:  1.0
___________________________________
Tag  INS;NUM;INAN
Precision:  1.0
Recall:  0.0
F1-score:  0.0
___________________________________
Tag  3;SG;PRO;ESS;MASC
Precision:  1.0
Recall:  1.0
F1-score:  1.0
___________________________________
Tag  SG;FEM;ESS;INAN;DET
Precision:  1.0
Recall:  0.0
F1-score:  0.0
___________________________________
Tag  SG;ADJ;INAN;INS;MASC
Precision:  0.42857142857142855
Recall:  0.17647058823529413
F1-score:  0.25
___________________________________
Tag  GEN;SG;INAN;DET;MASC
Precision:  0.25
Recall:  0.25
F1-score:  0.25
___________________________________
Tag  ACT;PFV;NOM;ANIM;V;PL;PST;V.PTCP
Precision:  1.0
Recall:  0.0
F1-score:  0.0
___________________________________
Tag  V.CVB;IPFV;V
Precision:  1.0
Recall:  0.0
F1-score:  0.0
___________________________________
Tag  NFIN;IPFV;V
Precision:  0.3333333333333333
Recall:  0.125
F1-score:  0.18181818181818182
___________________________________
Tag  INAN;DET;ESS;PL
Precision:  1.0
Recall:  0.0
F1-score:  0.0
___________________________________
Tag  N;FEM;ANIM;NOM;PL
Precision:  1.0
Recall:  0.0
F1-score:  0.0
___________________________________
Tag  PROPN;ANIM;NOM;PL;MASC
Precision:  1.0
Recall:  0.0
F1-score:  0.0
___________________________________
Tag  INAN;N;NEUT;PL;DAT
Precision:  1.0
Recall:  0.0
F1-score:  0.0
___________________________________
Tag  GEN;3;SG;PRO;MASC
Precision:  1.0
Recall:  1.0
F1-score:  1.0
___________________________________
Tag  MASC;ANIM;ACC;SG;PROPN
Precision:  1.0
Recall:  0.0
F1-score:  0.0
___________________________________
Tag  FEM;PROPN;ANIM;SG;GEN
Precision:  1.0
Recall:  0.0
F1-score:  0.0
___________________________________
Tag  FIN;3;SG;IND;PRS;V;IPFV
Precision:  0.8793103448275862
Recall:  0.7285714285714285
F1-score:  0.796875
___________________________________
Tag  ACC;DET;INAN;MASC;SG
Precision:  1.0
Recall:  0.0
F1-score:  0.0
___________________________________
Tag  ACC;SG;PRO;FEM;INAN
Precision:  1.0
Recall:  1.0
F1-score:  1.0
___________________________________
Tag  SG;FEM;PROPN;ANIM;NOM
Precision:  1.0
Recall:  0.0625
F1-score:  0.11764705882352941
___________________________________
Tag  INS;ADJ;FEM;INAN;SG
Precision:  1.0
Recall:  0.0
F1-score:  0.0
___________________________________
Tag  MASC;INAN;GEN;N;PL
Precision:  0.09090909090909091
Recall:  0.05263157894736842
F1-score:  0.06666666666666667
___________________________________
Tag  INAN;GEN;N;NEUT;PL
Precision:  0.2
Recall:  0.2
F1-score:  0.20000000000000004
___________________________________
Tag  ACT;ACC;ANIM;PRS;V;PL;V.PTCP;IPFV
Precision:  1.0
Recall:  0.0
F1-score:  0.0
___________________________________
Tag  SG;PASS;NEUT;INAN;NOM;PRS;V;V.PTCP;IPFV
Precision:  1.0
Recall:  0.0
F1-score:  0.0
___________________________________
Tag  3;DET
Precision:  1.0
Recall:  0.0
F1-score:  0.0
___________________________________
Tag  FEM;DET;INAN;NOM;SG
Precision:  1.0
Recall:  0.0
F1-score:  0.0
___________________________________
Tag  SG;PRO;ESS;INAN;MASC
Precision:  1.0
Recall:  1.0
F1-score:  1.0
___________________________________
Tag  SG;NEUT;PROPN;INAN;INS
Precision:  1.0
Recall:  0.0
F1-score:  0.0
___________________________________
Tag  N;ESS;ANIM;PL;MASC
Precision:  1.0
Recall:  0.0
F1-score:  0.0
___________________________________
Tag  NUM;ANIM;NOM;MASC
Precision:  1.0
Recall:  0.0
F1-score:  0.0
___________________________________
Tag  INS;FEM;INAN;N;SG
Precision:  1.0
Recall:  0.0
F1-score:  0.0
___________________________________
Tag  ACT;INAN;NOM;PRS;V;PL;V.PTCP;IPFV
Precision:  1.0
Recall:  0.5
F1-score:  0.6666666666666666
___________________________________
Tag  ADJ;INAN;NOM;MASC;SG
Precision:  1.0
Recall:  0.0
F1-score:  0.0
___________________________________
Tag  PRO;PL;NOM;INAN
Precision:  1.0
Recall:  0.0
F1-score:  0.0
___________________________________
Tag  ACC;3;SG;PRO;MASC
Precision:  1.0
Recall:  0.0
F1-score:  0.0
___________________________________
Tag  ADJ;NOM;PL;INAN
Precision:  1.0
Recall:  0.0
F1-score:  0.0
___________________________________
Tag  SG;PRO;NEUT;ESS;INAN
Precision:  1.0
Recall:  1.0
F1-score:  1.0
___________________________________
Tag  ADJ;GEN;PL;INAN
Precision:  1.0
Recall:  0.0
F1-score:  0.0
___________________________________
Tag  PST;FEM;MID;V;PFV;SG;IND;FIN
Precision:  1.0
Recall:  0.0
F1-score:  0.0
___________________________________
Tag  INAN;FEM;SG;ADJ;ESS
Precision:  1.0
Recall:  0.0
F1-score:  0.0
___________________________________
Tag  DET;ANIM;NOM;PL
Precision:  1.0
Recall:  0.0
F1-score:  0.0
___________________________________
Tag  INAN;PROPN;MASC;SG;GEN
Precision:  0.5
Recall:  0.2857142857142857
F1-score:  0.36363636363636365
___________________________________
Tag  PFV;FIN;IND;MID;V;PL;PST
Precision:  0.8333333333333334
Recall:  0.625
F1-score:  0.7142857142857143
___________________________________
Tag  PRS;FEM;INAN;IPFV;ESS;V;V.PTCP;SG;PASS
Precision:  1.0
Recall:  0.0
F1-score:  0.0
___________________________________
Tag  INAN;NUM;INS
Precision:  1.0
Recall:  0.0
F1-score:  0.0
___________________________________
Tag  FIN;SG;IND;FEM;MID;V;PST;IPFV
Precision:  1.0
Recall:  0.6
F1-score:  0.7499999999999999
___________________________________
Tag  INAN;ACC;SG;DET;NEUT
Precision:  1.0
Recall:  0.0
F1-score:  0.0
___________________________________
Tag  MASC;ACT;INAN;V;NOM;SG;V.PTCP;IPFV;PRS
Precision:  1.0
Recall:  0.0
F1-score:  0.0
___________________________________
Tag  ACC;INAN;DET;REFL;PL
Precision:  1.0
Recall:  1.0
F1-score:  1.0
___________________________________
Tag  N;FEM;INAN;NOM;PL
Precision:  0.1111111111111111
Recall:  0.08108108108108109
F1-score:  0.09375
___________________________________
Tag  PART
Precision:  0.45614035087719296
Recall:  0.4482758620689655
F1-score:  0.45217391304347826
___________________________________
Tag  ADJ;ANIM;PL;INS
Precision:  1.0
Recall:  0.0
F1-score:  0.0
___________________________________
Tag  GEN;SG;N;FEM;ANIM
Precision:  1.0
Recall:  1.0
F1-score:  1.0
___________________________________
Tag  SG;N;NEUT;DAT;INAN
Precision:  0.5
Recall:  0.17647058823529413
F1-score:  0.2608695652173913
___________________________________
Tag  FIN;PL;IND;V;IPFV;FUT;3
Precision:  1.0
Recall:  0.0
F1-score:  0.0
___________________________________
Tag  MASC;INAN;NOM;N;PL
Precision:  1.0
Recall:  0.0
F1-score:  0.0
___________________________________
Tag  ACC;N;MASC;ANIM;SG
Precision:  1.0
Recall:  0.0
F1-score:  0.0
___________________________________
Tag  GEN;SG;FEM;ADJ;INAN
Precision:  0.4722222222222222
Recall:  0.2463768115942029
F1-score:  0.3238095238095238
___________________________________
Tag  PST;FEM;V;IPFV;SG;IND;FIN
Precision:  1.0
Recall:  0.0
F1-score:  0.0
___________________________________
Tag  ACT;GEN;SG;INAN;PRS;V;MASC;V.PTCP;IPFV
Precision:  1.0
Recall:  0.0
F1-score:  0.0
___________________________________
Tag  GEN;SG;PRO;FEM;INAN
Precision:  1.0
Recall:  1.0
F1-score:  1.0
___________________________________
Tag  FEM;N;ANIM;SG;GEN
Precision:  0.25
Recall:  0.25
F1-score:  0.25
___________________________________
Tag  ACT;PFV;SG;NEUT;INAN;NOM;V;PST;V.PTCP
Precision:  1.0
Recall:  0.0
F1-score:  0.0
___________________________________
Tag  PFV;SG;PASS;FEM;ESS;INAN;V;PST;V.PTCP
Precision:  1.0
Recall:  0.0
F1-score:  0.0
___________________________________
Tag  PFV;PASS;INAN;INS;V;PL;PST;V.PTCP
Precision:  1.0
Recall:  0.0
F1-score:  0.0
___________________________________
Tag  N;FEM;ANIM;INS;PL
Precision:  1.0
Recall:  0.0
F1-score:  0.0
___________________________________
Tag  SG;INAN;DET;INS;MASC
Precision:  1.0
Recall:  1.0
F1-score:  1.0
___________________________________
Tag  INAN;PROPN;ESS;MASC;SG
Precision:  1.0
Recall:  0.0
F1-score:  0.0
___________________________________
Tag  FIN;SG;IND;MID;NEUT;V;PST;IPFV
Precision:  1.0
Recall:  0.8
F1-score:  0.888888888888889
___________________________________
Tag  MASC;ANIM;NOM;N;PL
Precision:  1.0
Recall:  0.0
F1-score:  0.0
___________________________________
Tag  ACC;SG;N;INAN;MASC
Precision:  0.54
Recall:  0.38028169014084506
F1-score:  0.44628099173553726
___________________________________
Tag  SG;N;NEUT;INAN;NOM
Precision:  0.5614035087719298
Recall:  0.42105263157894735
F1-score:  0.48120300751879697
___________________________________
Tag  ACT;INAN;V;FEM;NOM;SG;V.PTCP;IPFV;PRS
Precision:  1.0
Recall:  0.0
F1-score:  0.0
___________________________________
Tag  GEN;SG;PROPN;ANIM;MASC
Precision:  0.6153846153846154
Recall:  0.1951219512195122
F1-score:  0.29629629629629634
___________________________________
Tag  ACC;NUM;ANIM
Precision:  1.0
Recall:  0.0
F1-score:  0.0
___________________________________
Tag  INAN;FEM;SG;GEN;PROPN
Precision:  1.0
Recall:  0.0
F1-score:  0.0
___________________________________
Tag  MASC;FIN;SG;MID;IND;V;IPFV;PST
Precision:  1.0
Recall:  0.0
F1-score:  0.0
___________________________________
Tag  MASC;V;ANIM;NOM;SG;V.PTCP;PASS;PFV;PST
Precision:  1.0
Recall:  0.0
F1-score:  0.0
___________________________________
Tag  PST;MASC;NOM;PFV;V;ANIM;SG;V.PTCP;PASS
Precision:  1.0
Recall:  0.0
F1-score:  0.0
___________________________________
Tag  N;ESS;INAN;PL;MASC
Precision:  0.9411764705882353
Recall:  0.6666666666666666
F1-score:  0.7804878048780487
___________________________________
Tag  FUT;3;IPFV;V;SG;IND;FIN
Precision:  1.0
Recall:  0.0
F1-score:  0.0
___________________________________
Tag  PFV;SG;PASS;NEUT;INAN;INS;V;PST;V.PTCP
Precision:  1.0
Recall:  0.0
F1-score:  0.0
___________________________________
Tag  MASC;INAN;SG;N;ESS
Precision:  0.09090909090909091
Recall:  0.08333333333333333
F1-score:  0.08695652173913043
___________________________________
Tag  N;NEUT;INAN;INS;PL
Precision:  1.0
Recall:  0.2857142857142857
F1-score:  0.4444444444444445
___________________________________
Tag  FEM;INAN;N;NOM;SG
Precision:  0.1111111111111111
Recall:  0.1
F1-score:  0.10526315789473685
___________________________________
Tag  _
Precision:  0.9994565217391305
Recall:  0.9994565217391305
F1-score:  0.9994565217391305
___________________________________
Tag  PRO;3;PL;DAT
Precision:  1.0
Recall:  0.0
F1-score:  0.0
___________________________________
Tag  PRS;PL;ACT;INAN;IPFV;NOM;V;V.PTCP
Precision:  1.0
Recall:  0.0
F1-score:  0.0
___________________________________
Tag  INAN;ACC;SG;FEM;N
Precision:  0.07692307692307693
Recall:  0.0625
F1-score:  0.06896551724137931
___________________________________
Tag  PRS;ACT;INAN;IPFV;MASC;NOM;V;SG;V.PTCP
Precision:  1.0
Recall:  0.0
F1-score:  0.0
___________________________________
Tag  MASC;INAN;SG;GEN;PRO
Precision:  1.0
Recall:  0.0
F1-score:  0.0
___________________________________
Tag  NFIN;MID;V;PFV
Precision:  1.0
Recall:  0.25
F1-score:  0.4
___________________________________
Tag  ACC;PL;FEM;INAN;N
Precision:  1.0
Recall:  0.0
F1-score:  0.0
___________________________________
Tag  SG;NEUT;INAN;DET;NOM
Precision:  1.0
Recall:  0.0
F1-score:  0.0
___________________________________
Tag  NUM;ESS
Precision:  1.0
Recall:  0.0
F1-score:  0.0
___________________________________
Tag  ADJ;FEM;INAN;NOM;SG
Precision:  1.0
Recall:  0.0
F1-score:  0.0
___________________________________
Tag  PL;ADJ;INAN;NOM
Precision:  1.0
Recall:  0.0
F1-score:  0.0
___________________________________
Tag  MASC;INAN;NOM;SG;RL;ADJ
Precision:  1.0
Recall:  0.0
F1-score:  0.0
___________________________________
Tag  NEUT;INAN;DAT;N;SG
Precision:  1.0
Recall:  0.0
F1-score:  0.0
___________________________________
Tag  PST;V;IPFV;MASC;SG;IND;FIN
Precision:  1.0
Recall:  0.0
F1-score:  0.0
___________________________________
Tag  SG;ADJ;INAN;NOM;RL;MASC
Precision:  1.0
Recall:  0.0
F1-score:  0.0
___________________________________
Tag  NEUT;INAN;N;ESS;SG
Precision:  1.0
Recall:  0.0
F1-score:  0.0
___________________________________
Tag  INAN;FEM;NOM;SG;ADJ
Precision:  0.25
Recall:  0.16666666666666666
F1-score:  0.2
___________________________________
Tag  PL;FEM;INAN;DAT;N
Precision:  1.0
Recall:  0.0
F1-score:  0.0
___________________________________
Tag  MASC;ANIM;SG;GEN;PROPN
Precision:  1.0
Recall:  0.0
F1-score:  0.0
___________________________________
Tag  NUM;ACC;SG;NEUT;INAN
Precision:  1.0
Recall:  0.0
F1-score:  0.0
___________________________________
Tag  SG;PROPN;ANIM;NOM;MASC
Precision:  0.696969696969697
Recall:  0.19166666666666668
F1-score:  0.30065359477124187
___________________________________
Tag  MASC;FIN;V;SG;PFV;IND;PST
Precision:  1.0
Recall:  0.0
F1-score:  0.0
___________________________________
Tag  SG;PRO;NEUT;INAN;NOM
Precision:  0.5714285714285714
Recall:  0.5714285714285714
F1-score:  0.5714285714285714
___________________________________
Tag  PFV;SG;IND;FIN;MID;V;MASC;PST
Precision:  0.8333333333333334
Recall:  0.5
F1-score:  0.625
___________________________________
Tag  INS;ADJ;MASC;ANIM;SG
Precision:  1.0
Recall:  0.0
F1-score:  0.0
___________________________________
Tag  PASS;INAN;NOM;PRS;V;PL;V.PTCP;IPFV
Precision:  1.0
Recall:  0.5
F1-score:  0.6666666666666666
___________________________________
Tag  ACC;SG;N;ANIM;MASC
Precision:  0.5
Recall:  0.2857142857142857
F1-score:  0.36363636363636365
___________________________________
Tag  GEN;SG;ADJ;NEUT;INAN
Precision:  0.5526315789473685
Recall:  0.4117647058823529
F1-score:  0.4719101123595506
___________________________________
Tag  SG;ESS;INAN;DET;MASC
Precision:  1.0
Recall:  0.0
F1-score:  0.0
___________________________________
Tag  MASC;ANIM;ACC;SG;ADJ
Precision:  1.0
Recall:  0.0
F1-score:  0.0
___________________________________
Tag  NEUT;ACC;PL;INAN;N
Precision:  1.0
Recall:  0.0
F1-score:  0.0
___________________________________
Tag  INAN;N;NEUT;PL;ESS
Precision:  1.0
Recall:  0.0
F1-score:  0.0
___________________________________
Tag  ANIM;NOM;SG;FEM;PROPN
Precision:  1.0
Recall:  0.0
F1-score:  0.0
___________________________________
Tag  PST;FEM;IPFV;V;SG;IND;FIN
Precision:  1.0
Recall:  0.0
F1-score:  0.0
___________________________________
Tag  SG;N;ANIM;INS;MASC
Precision:  0.8888888888888888
Recall:  0.5
F1-score:  0.64
___________________________________
Tag  FUT;3;MID;V;PFV;SG;IND;FIN
Precision:  1.0
Recall:  1.0
F1-score:  1.0
___________________________________
Tag  PFV;SG;PASS;INAN;NOM;V;MASC;V.PTCP;PST
Precision:  0.6363636363636364
Recall:  0.4117647058823529
F1-score:  0.5
___________________________________
Tag  SG;FEM;PROPN;INAN;NOM
Precision:  0.6923076923076923
Recall:  0.19148936170212766
F1-score:  0.30000000000000004
___________________________________
Tag  ACT;DAT;ANIM;PRS;V;PL;V.PTCP;IPFV
Precision:  1.0
Recall:  0.0
F1-score:  0.0
___________________________________
Tag  MASC;INAN;INS;N;PL
Precision:  1.0
Recall:  0.0
F1-score:  0.0
___________________________________
Tag  3;SG;PRO;DAT;MASC
Precision:  1.0
Recall:  1.0
F1-score:  1.0
___________________________________
Tag  NUM;GEN;FEM;INAN
Precision:  1.0
Recall:  0.0
F1-score:  0.0
___________________________________
Tag  PL;ADJ;ANIM;INS
Precision:  1.0
Recall:  0.0
F1-score:  0.0
___________________________________
Tag  MASC;INAN;NOM;SG;ADJ
Precision:  1.0
Recall:  0.0
F1-score:  0.0
___________________________________
Tag  ADJ;ANIM;NOM;PL
Precision:  1.0
Recall:  0.0
F1-score:  0.0
___________________________________
Tag  INAN;FEM;INS;N;PL
Precision:  1.0
Recall:  0.0
F1-score:  0.0
___________________________________
Tag  PROPN;MASC;ANIM;SG;GEN
Precision:  1.0
Recall:  0.0
F1-score:  0.0
___________________________________
Tag  INAN;FEM;SG;ACC;PROPN
Precision:  1.0
Recall:  0.0
F1-score:  0.0
___________________________________
Tag  GEN;N;FEM;INAN;PL
Precision:  0.896551724137931
Recall:  0.52
F1-score:  0.6582278481012658
___________________________________
Tag  NEUT;INAN;NOM;SG;PRO
Precision:  1.0
Recall:  0.0
F1-score:  0.0
___________________________________
Tag  GEN;3;SG;PRO;NEUT
Precision:  1.0
Recall:  0.0
F1-score:  0.0
___________________________________
Tag  FIN;V;SG;IND;IPFV;PRS;3
Precision:  1.0
Recall:  0.0
F1-score:  0.0
___________________________________
Tag  MASC;ANIM;GEN;N;PL
Precision:  1.0
Recall:  0.0
F1-score:  0.0
___________________________________
Tag  NUM;ACC;SG;FEM;INAN
Precision:  0.5
Recall:  0.5
F1-score:  0.5
___________________________________
Tag  PFV;SG;IND;FIN;MID;NEUT;V;PST
Precision:  1.0
Recall:  0.4
F1-score:  0.5714285714285715
___________________________________
Tag  PL;ACC;INAN;DET
Precision:  1.0
Recall:  0.0
F1-score:  0.0
___________________________________
Tag  PL;PROPN;MASC;ANIM;GEN
Precision:  1.0
Recall:  0.0
F1-score:  0.0
___________________________________
Tag  SG;PRO;INAN;NOM;MASC
Precision:  1.0
Recall:  1.0
F1-score:  1.0
___________________________________
Tag  ACC;SG;PRO;NEUT;INAN
Precision:  1.0
Recall:  0.0
F1-score:  0.0
___________________________________
Tag  SG;N;DAT;INAN;MASC
Precision:  0.45454545454545453
Recall:  0.20833333333333334
F1-score:  0.28571428571428575
___________________________________
Tag  NEUT;INAN;DAT;SG;PRO
Precision:  1.0
Recall:  0.0
F1-score:  0.0
___________________________________
Tag  PST;ACT;INAN;MASC;V;PFV;SG;V.PTCP;GEN
Precision:  1.0
Recall:  0.0
F1-score:  0.0
___________________________________
Tag  ANIM;FEM;GEN;N;PL
Precision:  1.0
Recall:  0.0
F1-score:  0.0
___________________________________
Tag  INAN;PL;ADJ;GEN
Precision:  0.6046511627906976
Recall:  0.37681159420289856
F1-score:  0.46428571428571425
___________________________________
Tag  INAN;ACC;SG;N;NEUT
Precision:  1.0
Recall:  0.0
F1-score:  0.0
___________________________________
Tag  FIN;V;FEM;SG;PFV;IND;PST
Precision:  1.0
Recall:  0.0
F1-score:  0.0
___________________________________
Tag  NUM;SG;FEM;ANIM;NOM
Precision:  1.0
Recall:  0.0
F1-score:  0.0
___________________________________
Tag  PL;N;NOM;MASC;ANIM
Precision:  1.0
Recall:  0.0
F1-score:  0.0
___________________________________
Tag  ACT;GEN;SG;NEUT;INAN;PRS;V;V.PTCP;IPFV
Precision:  1.0
Recall:  0.0
F1-score:  0.0
___________________________________
Tag  FUT;PFV;3;IND;SG;FIN;MID;V
Precision:  1.0
Recall:  0.0
F1-score:  0.0
___________________________________
Tag  ADJ;PL;GEN;INAN
Precision:  0.2
Recall:  0.09090909090909091
F1-score:  0.12500000000000003
___________________________________
Tag  FIN;V;SG;MID;IND;IPFV;PRS;3
Precision:  0.2
Recall:  0.125
F1-score:  0.15384615384615385
___________________________________
Tag  INAN;NOM;ADJ;PL
Precision:  1.0
Recall:  0.0
F1-score:  0.0
___________________________________
Tag  NEUT;ADJ;INAN;NOM;SG
Precision:  1.0
Recall:  0.0
F1-score:  0.0
___________________________________
Tag  DET;3
Precision:  1.0
Recall:  1.0
F1-score:  1.0
___________________________________
Tag  SG;ESS;INAN;DET;REFL;MASC
Precision:  1.0
Recall:  1.0
F1-score:  1.0
___________________________________
Tag  NUM;INS
Precision:  1.0
Recall:  0.0
F1-score:  0.0
___________________________________
Tag  ADJ;DAT;MASC;ANIM;SG
Precision:  1.0
Recall:  0.0
F1-score:  0.0
___________________________________
Tag  INAN;DAT;PROPN;MASC;SG
Precision:  1.0
Recall:  0.0
F1-score:  0.0
___________________________________
Tag  ADJ;FEM;ANIM;SG;GEN
Precision:  1.0
Recall:  0.0
F1-score:  0.0
___________________________________
Tag  ADJ;FEM;INAN;SG;GEN
Precision:  0.14285714285714285
Recall:  0.0625
F1-score:  0.08695652173913043
___________________________________
Tag  ADJ;FEM;NOM;ANIM;SG
Precision:  1.0
Recall:  0.0
F1-score:  0.0
___________________________________
Tag  NEUT;PST;MID;IPFV;V;SG;IND;FIN
Precision:  1.0
Recall:  0.0
F1-score:  0.0
___________________________________
Tag  ADJ;ACC;PL;INAN
Precision:  1.0
Recall:  0.0
F1-score:  0.0
___________________________________
Tag  GEN;N;INAN;PL;MASC
Precision:  0.6808510638297872
Recall:  0.47058823529411764
F1-score:  0.5565217391304348
___________________________________
Tag  ACT;PFV;SG;FEM;INAN;NOM;V;PST;V.PTCP
Precision:  1.0
Recall:  0.0
F1-score:  0.0
___________________________________
Tag  SG;DET;ANIM;NOM;MASC
Precision:  1.0
Recall:  0.0
F1-score:  0.0
___________________________________
Tag  NUM;DAT;INAN;MASC
Precision:  1.0
Recall:  0.0
F1-score:  0.0
___________________________________
Tag  INAN;NUM;ESS
Precision:  1.0
Recall:  0.0
F1-score:  0.0
___________________________________
Tag  MASC;ANIM;N;PL;DAT
Precision:  1.0
Recall:  0.0
F1-score:  0.0
___________________________________
Tag  FUT;3;V;PFV;SG;IND;FIN
Precision:  1.0
Recall:  0.0
F1-score:  0.0
___________________________________
Tag  INAN;FEM;SG;PROPN;DAT
Precision:  1.0
Recall:  0.0
F1-score:  0.0
___________________________________
Tag  GEN;SG;N;NEUT;ANIM
Precision:  1.0
Recall:  0.0
F1-score:  0.0
___________________________________
Tag  PFV;SG;PASS;FEM;INAN;NOM;V;PST;V.PTCP
Precision:  0.8333333333333334
Recall:  0.3333333333333333
F1-score:  0.47619047619047616
___________________________________
Tag  GEN;INAN;DET;REFL;PL
Precision:  1.0
Recall:  0.0
F1-score:  0.0
___________________________________
Tag  PFV;SG;PASS;NEUT;ESS;INAN;V;PST;V.PTCP
Precision:  1.0
Recall:  0.0
F1-score:  0.0
___________________________________
Tag  SG;INAN;DET;NOM;MASC
Precision:  1.0
Recall:  1.0
F1-score:  1.0
___________________________________
Tag  MASC;INAN;ACC;SG;N
Precision:  1.0
Recall:  0.0
F1-score:  0.0
___________________________________
Tag  SG;ADJ;DAT;INAN;MASC
Precision:  0.5
Recall:  0.2
F1-score:  0.28571428571428575
___________________________________
Tag  PRS;3;IPFV;V;SG;IND;FIN
Precision:  1.0
Recall:  0.0
F1-score:  0.0
___________________________________
Tag  SG;FEM;ADJ;INAN;INS
Precision:  0.18181818181818182
Recall:  0.10526315789473684
F1-score:  0.13333333333333333
___________________________________
Tag  SG;N;NEUT;ESS;INAN
Precision:  0.7142857142857143
Recall:  0.375
F1-score:  0.4918032786885245
___________________________________
Tag  PL;GEN;INAN;DET
Precision:  1.0
Recall:  0.0
F1-score:  0.0
___________________________________
Tag  PFV;SG;IND;FIN;FEM;V;PST
Precision:  0.8
Recall:  0.42857142857142855
F1-score:  0.5581395348837209
___________________________________
Tag  3;PRO;NOM;PL
Precision:  1.0
Recall:  1.0
F1-score:  1.0
___________________________________
Tag  NEUT;PL;INAN;N;NOM
Precision:  1.0
Recall:  0.0
F1-score:  0.0
___________________________________
Tag  FIN;V;PL;IND;IPFV;PST
Precision:  1.0
Recall:  0.0
F1-score:  0.0
___________________________________
Tag  MASC;INAN;NOM;SG;N
Precision:  0.09090909090909091
Recall:  0.0625
F1-score:  0.07407407407407407
___________________________________
Tag  PST;MID;IPFV;MASC;V;SG;IND;FIN
Precision:  1.0
Recall:  0.0
F1-score:  0.0
___________________________________
Tag  FIN;SG;IMP;2;V;IPFV
Precision:  1.0
Recall:  0.0
F1-score:  0.0
___________________________________
Tag  IPFV;V.CVB;V
Precision:  1.0
Recall:  0.5714285714285714
F1-score:  0.7272727272727273
___________________________________
Tag  N;INAN;NOM;PL;MASC
Precision:  0.5384615384615384
Recall:  0.2
F1-score:  0.2916666666666667
___________________________________
Tag  SG;PROPN;INAN;NOM;MASC
Precision:  0.5
Recall:  0.08139534883720931
F1-score:  0.14
___________________________________
Tag  INAN;DET;NOM;PL
Precision:  0.6666666666666666
Recall:  0.6666666666666666
F1-score:  0.6666666666666666
___________________________________
Tag  INAN;SG;N;NEUT;ESS
Precision:  1.0
Recall:  0.0
F1-score:  0.0
___________________________________
Tag  SG;ADJ;NEUT;DAT;INAN
Precision:  1.0
Recall:  0.0
F1-score:  0.0
___________________________________
Tag  NUM;SG;FEM;INAN;NOM
Precision:  1.0
Recall:  1.0
F1-score:  1.0
___________________________________
Tag  INAN;FEM;SG;ADJ;DAT
Precision:  1.0
Recall:  0.0
F1-score:  0.0
___________________________________
Tag  ADJ;PL;ANIM;GEN
Precision:  1.0
Recall:  0.0
F1-score:  0.0
___________________________________
Tag  INAN;SG;INS;N;NEUT
Precision:  1.0
Recall:  0.0
F1-score:  0.0
___________________________________
Tag  MASC;INAN;NOM;SG;DET
Precision:  1.0
Recall:  0.0
F1-score:  0.0
___________________________________
Tag  SG;FEM;ESS;INAN;DET;REFL
Precision:  1.0
Recall:  0.0
F1-score:  0.0
___________________________________
Tag  INAN;FEM;GEN;N;PL
Precision:  1.0
Recall:  0.0
F1-score:  0.0
___________________________________
Tag  FIN;SG;IND;NEUT;V;PST;IPFV
Precision:  1.0
Recall:  0.9473684210526315
F1-score:  0.972972972972973
___________________________________
Tag  FUT;FIN;3;IND;V;PL;IPFV
Precision:  1.0
Recall:  1.0
F1-score:  1.0
___________________________________
Tag  ACT;PFV;SG;FEM;NOM;ANIM;V;PST;V.PTCP
Precision:  1.0
Recall:  0.0
F1-score:  0.0
___________________________________
Tag  INAN;NOM;SG;FEM;N
Precision:  1.0
Recall:  0.0
F1-score:  0.0
___________________________________
Tag  ACC;N;INAN;PL;MASC
Precision:  0.25
Recall:  0.13333333333333333
F1-score:  0.1739130434782609
___________________________________
Tag  ADJ;PL;NOM;INAN
Precision:  1.0
Recall:  0.0
F1-score:  0.0
___________________________________
Tag  ACT;PFV;SG;ESS;INAN;V;MASC;V.PTCP;PST
Precision:  1.0
Recall:  0.0
F1-score:  0.0
___________________________________
Tag  MASC;ACT;INAN;V;NOM;SG;V.PTCP;PFV;PST
Precision:  1.0
Recall:  0.0
F1-score:  0.0
___________________________________
Tag  IPFV;NFIN;V
Precision:  0.7333333333333333
Recall:  0.4782608695652174
F1-score:  0.5789473684210527
___________________________________
Tag  INAN;SG;NEUT;PROPN;ESS
Precision:  1.0
Recall:  0.0
F1-score:  0.0
___________________________________
Tag  NEG;PART
Precision:  1.0
Recall:  1.0
F1-score:  1.0
___________________________________
Tag  ADJ;CMPR
Precision:  1.0
Recall:  0.0
F1-score:  0.0
___________________________________
Tag  INAN;ACC;FEM;N;PL
Precision:  1.0
Recall:  0.0
F1-score:  0.0
___________________________________
Tag  INAN;PL;ADJ;ESS
Precision:  1.0
Recall:  0.0
F1-score:  0.0
___________________________________
Tag  MASC;ANIM;ACC;SG;N
Precision:  1.0
Recall:  0.0
F1-score:  0.0
___________________________________
Tag  SG;FEM;ADJ;INAN;NOM
Precision:  0.7777777777777778
Recall:  0.30434782608695654
F1-score:  0.43750000000000006
___________________________________
Tag  ACT;INAN;INS;V;PL;PST;V.PTCP;IPFV
Precision:  1.0
Recall:  0.0
F1-score:  0.0
___________________________________
Tag  SG;N;NEUT;INAN;INS
Precision:  0.7
Recall:  0.35
F1-score:  0.4666666666666667
___________________________________
Tag  INAN;N;MASC;SG;GEN
Precision:  0.03333333333333333
Recall:  0.02564102564102564
F1-score:  0.028985507246376812
___________________________________
Tag  FIN;V;MID;PL;IND;IPFV;PST
Precision:  1.0
Recall:  0.0
F1-score:  0.0
___________________________________
Tag  ACC;SG;N;FEM;INAN
Precision:  0.75
Recall:  0.5064935064935064
F1-score:  0.6046511627906975
___________________________________
Tag  GEN;SG;N;NEUT;INAN
Precision:  0.8375
Recall:  0.6767676767676768
F1-score:  0.7486033519553074
___________________________________
Tag  ACC;ADJ;MASC;ANIM;SG
Precision:  1.0
Recall:  0.0
F1-score:  0.0
___________________________________
Tag  FIN;IND;MID;V;PL;PST;IPFV
Precision:  1.0
Recall:  0.4
F1-score:  0.5714285714285715
___________________________________
Tag  FEM;INAN;PROPN;SG;GEN
Precision:  1.0
Recall:  0.0
F1-score:  0.0
___________________________________
Tag  PL;NOM;INAN;DET
Precision:  1.0
Recall:  0.0
F1-score:  0.0
___________________________________
Tag  ADJ;INAN;DAT;MASC;SG
Precision:  1.0
Recall:  0.0
F1-score:  0.0
___________________________________
Tag  PFV;SG;PASS;ESS;INAN;V;MASC;V.PTCP;PST
Precision:  1.0
Recall:  0.0
F1-score:  0.0
___________________________________
Tag  ACT;SG;FEM;INAN;INS;V;PST;V.PTCP;IPFV
Precision:  1.0
Recall:  0.0
F1-score:  0.0
___________________________________
Tag  INAN;DET;INS;PL
Precision:  1.0
Recall:  0.0
F1-score:  0.0
___________________________________
Tag  ACC;3;SG;PRO;FEM
Precision:  1.0
Recall:  0.0
F1-score:  0.0
___________________________________
Tag  ACC;SG;PROPN;ANIM;MASC
Precision:  1.0
Recall:  0.0
F1-score:  0.0
___________________________________
Tag  ACT;PFV;INAN;INS;V;PL;PST;V.PTCP
Precision:  1.0
Recall:  0.0
F1-score:  0.0
___________________________________
Tag  SG;PRO;ANIM;INS;MASC
Precision:  1.0
Recall:  0.0
F1-score:  0.0
___________________________________
Tag  PST;INAN;MASC;NOM;V;PFV;SG;V.PTCP;PASS
Precision:  1.0
Recall:  0.0
F1-score:  0.0
___________________________________
Tag  SG;ADJ;NEUT;INAN;INS
Precision:  1.0
Recall:  0.16666666666666666
F1-score:  0.2857142857142857
___________________________________
Tag  INAN;ACC;DET;PL;REFL
Precision:  1.0
Recall:  0.0
F1-score:  0.0
___________________________________
Tag  ACC;SG;N;NEUT;INAN
Precision:  0.6744186046511628
Recall:  0.5178571428571429
F1-score:  0.5858585858585859
___________________________________
Tag  MASC;FIN;V;SG;IND;IPFV;PST
Precision:  0.5
Recall:  0.25
F1-score:  0.3333333333333333
___________________________________
Tag  MASC;ANIM;NOM;SG;RL;ADJ
Precision:  1.0
Recall:  0.0
F1-score:  0.0
___________________________________
Tag  ACT;ACC;SG;FEM;ANIM;PRS;V;V.PTCP;IPFV
Precision:  1.0
Recall:  0.0
F1-score:  0.0
___________________________________
Tag  INS;N;MASC;ANIM;SG
Precision:  1.0
Recall:  0.0
F1-score:  0.0
___________________________________
Tag  MASC;INAN;ACC;SG;RL;ADJ
Precision:  1.0
Recall:  0.0
F1-score:  0.0
___________________________________
Tag  SG;PRO;NEUT;INAN;INS
Precision:  1.0
Recall:  1.0
F1-score:  1.0
___________________________________
Tag  SG;PRO;FEM;INAN;NOM
Precision:  1.0
Recall:  1.0
F1-score:  1.0
___________________________________
Tag  GEN;SG;PRO;NEUT;INAN
Precision:  1.0
Recall:  1.0
F1-score:  1.0
___________________________________
Tag  N;NEUT;DAT;INAN;PL
Precision:  1.0
Recall:  0.75
F1-score:  0.8571428571428571
___________________________________
Tag  3;NOM;MASC;SG;PRO
Precision:  1.0
Recall:  0.0
F1-score:  0.0
___________________________________
Tag  3;SG;PRO;FEM;NOM
Precision:  1.0
Recall:  1.0
F1-score:  1.0
___________________________________
Tag  FIN;SG;IND;FEM;V;PST;IPFV
Precision:  1.0
Recall:  0.7222222222222222
F1-score:  0.8387096774193548
___________________________________
Tag  ACC;PFV;SG;PASS;FEM;INAN;V;PST;V.PTCP
Precision:  1.0
Recall:  0.0
F1-score:  0.0
___________________________________
Tag  PRO;ANIM;NOM;PL
Precision:  1.0
Recall:  0.0
F1-score:  0.0
___________________________________
Tag  ACC;FEM;DET;REFL;INAN;SG
Precision:  1.0
Recall:  0.0
F1-score:  0.0
___________________________________
Tag  MASC;INAN;SG;ADJ;ESS
Precision:  0.2
Recall:  0.16666666666666666
F1-score:  0.1818181818181818
___________________________________
Tag  ACC;PL;INAN;N;MASC
Precision:  1.0
Recall:  0.0
F1-score:  0.0
___________________________________
Tag  MASC;ANIM;ACC;SG;DET;REFL
Precision:  1.0
Recall:  0.0
F1-score:  0.0
___________________________________
Tag  INAN;FEM;SG;GEN;ADJ
Precision:  1.0
Recall:  0.0
F1-score:  0.0
___________________________________
Tag  FEM;INAN;N;ESS;SG
Precision:  1.0
Recall:  0.0
F1-score:  0.0
___________________________________
Tag  FEM;INAN;DAT;PROPN;SG
Precision:  1.0
Recall:  0.0
F1-score:  0.0
___________________________________
Tag  NEUT;ACC;ADJ;INAN;SG
Precision:  1.0
Recall:  0.0
F1-score:  0.0
___________________________________
Tag  NUM;ANIM;NOM
Precision:  1.0
Recall:  0.0
F1-score:  0.0
___________________________________
Tag  DAT;N;MASC;ANIM;SG
Precision:  1.0
Recall:  0.0
F1-score:  0.0
___________________________________
Tag  NEUT;INAN;N;SG;GEN
Precision:  0.2
Recall:  0.16666666666666666
F1-score:  0.1818181818181818
___________________________________
Tag  NEUT;NUM;INAN;GEN
Precision:  1.0
Recall:  0.0
F1-score:  0.0
___________________________________
Tag  MASC;ANIM;SG;GEN;N
Precision:  1.0
Recall:  0.0
F1-score:  0.0
___________________________________
Tag  N;FEM;DAT;INAN;PL
Precision:  1.0
Recall:  0.3333333333333333
F1-score:  0.5
___________________________________
Tag  INAN;FEM;SG;INS;PROPN
Precision:  1.0
Recall:  0.0
F1-score:  0.0
___________________________________
Tag  NEUT;INS;ADJ;INAN;SG
Precision:  1.0
Recall:  0.0
F1-score:  0.0
___________________________________
Tag  INAN;NOM;FEM;NUM
Precision:  1.0
Recall:  0.0
F1-score:  0.0
___________________________________
Tag  INS;INAN;N;MASC;SG
Precision:  1.0
Recall:  0.0
F1-score:  0.0
___________________________________
Tag  PRO;PL;3;INS
Precision:  1.0
Recall:  0.0
F1-score:  0.0
___________________________________
Tag  INAN;ACC;N;NEUT;PL
Precision:  1.0
Recall:  0.0
F1-score:  0.0
___________________________________
Tag  FIN;IMP;2;MID;V;PL;IPFV
Precision:  1.0
Recall:  0.0
F1-score:  0.0
___________________________________
Tag  SG;N;FEM;DAT;INAN
Precision:  0.4117647058823529
Recall:  0.30434782608695654
F1-score:  0.35
___________________________________
Tag  ACC;SG;INAN;DET;MASC
Precision:  0.7142857142857143
Recall:  0.7142857142857143
F1-score:  0.7142857142857143
___________________________________
Tag  MASC;INAN;SG;ADJ;DAT
Precision:  1.0
Recall:  0.0
F1-score:  0.0
___________________________________
Tag  INAN;FEM;SG;N;DAT
Precision:  1.0
Recall:  0.0
F1-score:  0.0
___________________________________
Tag  SG;3;PRO;FEM;DAT
Precision:  0.5
Recall:  0.5
F1-score:  0.5
___________________________________
Tag  INAN;NOM;MASC;SG;PRO
Precision:  1.0
Recall:  0.0
F1-score:  0.0
___________________________________
Tag  ACC;PL;ADJ;ANIM
Precision:  1.0
Recall:  0.0
F1-score:  0.0
___________________________________
Tag  NEUT;PL;INAN;DAT;N
Precision:  1.0
Recall:  0.0
F1-score:  0.0
___________________________________
Tag  ACC;SG;NEUT;INAN;DET
Precision:  1.0
Recall:  1.0
F1-score:  1.0
___________________________________
Tag  GEN;SG;NEUT;INAN;DET
Precision:  1.0
Recall:  0.0
F1-score:  0.0
___________________________________
Tag  SG;ADJ;DAT;ANIM;RL;MASC
Precision:  1.0
Recall:  0.0
F1-score:  0.0
___________________________________
Tag  MASC;INAN;ACC;SG;PROPN
Precision:  1.0
Recall:  0.0
F1-score:  0.0
___________________________________
Tag  FEM;PROPN;NOM;ANIM;SG
Precision:  1.0
Recall:  0.0
F1-score:  0.0
___________________________________
Tag  INAN;FEM;SG;ADJ;INS
Precision:  1.0
Recall:  0.0
F1-score:  0.0
___________________________________
Tag  SG;PROPN;INAN;INS;MASC
Precision:  1.0
Recall:  0.0
F1-score:  0.0
___________________________________
Tag  NEUT;PST;V;PFV;SG;IND;FIN
Precision:  1.0
Recall:  0.0
F1-score:  0.0
___________________________________
Tag  GEN;NEUT;PROPN;INAN;PL
Precision:  1.0
Recall:  0.0
F1-score:  0.0
___________________________________
Tag  INAN;FEM;N;PL;ESS
Precision:  1.0
Recall:  0.0
F1-score:  0.0
___________________________________
Tag  N;NOM;MASC;ANIM;SG
Precision:  1.0
Recall:  0.0
F1-score:  0.0
___________________________________
Tag  INAN;NOM;SG;PRO;NEUT
Precision:  1.0
Recall:  0.0
F1-score:  0.0
___________________________________
Tag  PL;INAN;N;ESS;MASC
Precision:  1.0
Recall:  0.0
F1-score:  0.0
___________________________________
Tag  N;FEM;ESS;ANIM;PL
Precision:  1.0
Recall:  0.0
F1-score:  0.0
___________________________________
Tag  SG;FEM;ESS;PROPN;ANIM
Precision:  1.0
Recall:  0.0
F1-score:  0.0
___________________________________
Tag  GEN;PROPN;INAN;PL;MASC
Precision:  1.0
Recall:  1.0
F1-score:  1.0
___________________________________
Tag  SG;FEM;ADJ;ESS;INAN
Precision:  0.375
Recall:  0.21428571428571427
F1-score:  0.2727272727272727
___________________________________
Tag  ANIM;NOM;SG;FEM;N
Precision:  1.0
Recall:  0.0
F1-score:  0.0
___________________________________
Tag  MASC;ANIM;SG;INS;N
Precision:  1.0
Recall:  0.0
F1-score:  0.0
___________________________________
Tag  NUM;INAN;MASC;SG;GEN
Precision:  1.0
Recall:  0.0
F1-score:  0.0
___________________________________
Tag  GEN;SG;FEM;INAN;DET;REFL
Precision:  1.0
Recall:  1.0
F1-score:  1.0
___________________________________
Tag  PRO;REFL;INS
Precision:  1.0
Recall:  0.0
F1-score:  0.0
___________________________________
Tag  MASC;INAN;SG;DET;ESS
Precision:  1.0
Recall:  0.0
F1-score:  0.0
___________________________________
Tag  ACC;N;NEUT;INAN;PL
Precision:  0.25
Recall:  0.2
F1-score:  0.22222222222222224
___________________________________
Tag  SG;DAT;PROPN;INAN;MASC
Precision:  1.0
Recall:  0.0
F1-score:  0.0
___________________________________
Tag  ADJ;PL;DAT;INAN
Precision:  1.0
Recall:  0.0
F1-score:  0.0
___________________________________
Tag  NUM;SG;ANIM;INS;MASC
Precision:  1.0
Recall:  1.0
F1-score:  1.0
___________________________________
Tag  MASC;ANIM;SG;GEN;ADJ
Precision:  1.0
Recall:  0.0
F1-score:  0.0
___________________________________
Tag  INAN;FEM;ACC;SG;ADJ
Precision:  1.0
Recall:  0.0
F1-score:  0.0
___________________________________
Tag  SG;PRO;DAT;INAN;MASC
Precision:  1.0
Recall:  1.0
F1-score:  1.0
___________________________________
Tag  ACT;GEN;PFV;SG;NEUT;INAN;V;PST;V.PTCP
Precision:  1.0
Recall:  0.0
F1-score:  0.0
___________________________________
Tag  GEN;SG;PRO;INAN;MASC
Precision:  1.0
Recall:  1.0
F1-score:  1.0
___________________________________
Tag  MASC;FIN;SG;IND;V;IPFV;PST
Precision:  1.0
Recall:  0.0
F1-score:  0.0
___________________________________
Tag  V;ANIM;ACC;V.PTCP;PASS;PFV;PL;PST
Precision:  1.0
Recall:  0.0
F1-score:  0.0
___________________________________
Tag  GEN;SG;N;FEM;INAN
Precision:  0.7661290322580645
Recall:  0.5688622754491018
F1-score:  0.6529209621993126
___________________________________
Tag  ACT;ANIM;INS;V;PRS;PL;V.PTCP;IPFV
Precision:  1.0
Recall:  0.0
F1-score:  0.0
___________________________________
Tag  PST;PL;MID;IPFV;V;IND;FIN
Precision:  1.0
Recall:  0.0
F1-score:  0.0
___________________________________
Tag  INAN;SG;GEN;ADJ;NEUT
Precision:  1.0
Recall:  0.0
F1-score:  0.0
___________________________________
Tag  CMPR;ADV
Precision:  1.0
Recall:  0.0
F1-score:  0.0
___________________________________
Tag  PRO;ANIM;PL;DAT
Precision:  1.0
Recall:  0.0
F1-score:  0.0
___________________________________
Tag  MASC;NUM;GEN
Precision:  1.0
Recall:  0.0
F1-score:  0.0
___________________________________
Tag  PST;FEM;V;PFV;SG;IND;FIN
Precision:  1.0
Recall:  0.0
F1-score:  0.0
___________________________________
Tag  V
Precision:  0.8
Recall:  0.6666666666666666
F1-score:  0.7272727272727272
___________________________________
Tag  FIN;SG;IND;V;MASC;IPFV;PST
Precision:  0.8837209302325582
Recall:  0.76
F1-score:  0.8172043010752689
___________________________________
Tag  ACC;SG;FEM;INAN;DET;REFL
Precision:  1.0
Recall:  1.0
F1-score:  1.0
___________________________________
Tag  INS;ADJ;INAN;MASC;SG
Precision:  1.0
Recall:  0.0
F1-score:  0.0
___________________________________
Tag  PRS;V;MID;3;IPFV;SG;IND;FIN
Precision:  1.0
Recall:  0.0
F1-score:  0.0
___________________________________
Tag  FIN;IMP;2;V;PL;IPFV
Precision:  1.0
Recall:  0.0
F1-score:  0.0
___________________________________
Tag  MASC;FIN;SG;PFV;IND;V;PST
Precision:  1.0
Recall:  0.0
F1-score:  0.0
___________________________________
Tag  NEUT;INAN;PROPN;SG;GEN
Precision:  1.0
Recall:  0.0
F1-score:  0.0
___________________________________
Tag  GEN;SG;FEM;INAN;DET;1
Precision:  1.0
Recall:  1.0
F1-score:  1.0
___________________________________
Tag  ACC;INAN;N;MASC;SG
Precision:  1.0
Recall:  0.0
F1-score:  0.0
___________________________________
Tag  ADJ;NOM;PL;ANIM
Precision:  1.0
Recall:  0.0
F1-score:  0.0
___________________________________
Tag  ACC;SG;N;FEM;ANIM
Precision:  0.5
Recall:  0.5
F1-score:  0.5
___________________________________
Tag  N;INAN;INS;PL;MASC
Precision:  1.0
Recall:  0.375
F1-score:  0.5454545454545454
___________________________________
Tag  ACT;GEN;INAN;PRS;V;PL;V.PTCP;IPFV
Precision:  1.0
Recall:  0.0
F1-score:  0.0
___________________________________
Tag  PRO;3;ACC;PL
Precision:  1.0
Recall:  0.0
F1-score:  0.0
___________________________________
Tag  FEM;INAN;N;SG;GEN
Precision:  1.0
Recall:  0.0
F1-score:  0.0
___________________________________
Tag  FIN;SG;IND;MID;V;MASC;IPFV;PST
Precision:  0.875
Recall:  0.7
F1-score:  0.7777777777777777
___________________________________
Tag  INAN;NUM;ACC
Precision:  0.6666666666666666
Recall:  0.5714285714285714
F1-score:  0.6153846153846153
___________________________________
Tag  NEUT;PST;INAN;NOM;V;PFV;SG;V.PTCP;PASS
Precision:  1.0
Recall:  0.0
F1-score:  0.0
___________________________________
Tag  N;DAT;ANIM;PL;MASC
Precision:  1.0
Recall:  0.0
F1-score:  0.0
___________________________________
Tag  INAN;FEM;SG;GEN;N
Precision:  0.07142857142857142
Recall:  0.043478260869565216
F1-score:  0.05405405405405405
___________________________________
Tag  SG;ADJ;NEUT;ESS;INAN
Precision:  0.5
Recall:  0.2727272727272727
F1-score:  0.3529411764705882
___________________________________
Tag  INAN;N;ESS;MASC;SG
Precision:  1.0
Recall:  0.0
F1-score:  0.0
___________________________________
Tag  PRS;PL;MID;3;IPFV;V;IND;FIN
Precision:  1.0
Recall:  0.0
F1-score:  0.0
___________________________________
Tag  ACC;ADJ;FEM;INAN;SG
Precision:  1.0
Recall:  0.0
F1-score:  0.0
___________________________________
Tag  INAN;NOM;N;NEUT;PL
Precision:  1.0
Recall:  0.0
F1-score:  0.0
___________________________________
Tag  PRO;GEN;PL;INAN
Precision:  1.0
Recall:  0.0
F1-score:  0.0
___________________________________
Tag  GEN;PFV;SG;PASS;FEM;INAN;V;PST;V.PTCP
Precision:  1.0
Recall:  0.0
F1-score:  0.0
___________________________________
Tag  SG;N;FEM;INAN;NOM
Precision:  0.6984126984126984
Recall:  0.4
F1-score:  0.5086705202312138
___________________________________
Tag  NUM;NEUT;INAN;INS
Precision:  1.0
Recall:  0.0
F1-score:  0.0
___________________________________
Tag  SG;PRO;ANIM;NOM;MASC
Precision:  1.0
Recall:  0.0
F1-score:  0.0
___________________________________
Tag  INAN;NUM;GEN
Precision:  1.0
Recall:  0.0
F1-score:  0.0
___________________________________
Tag  PST;FEM;NOM;V;PFV;ANIM;SG;V.PTCP;PASS
Precision:  1.0
Recall:  0.0
F1-score:  0.0
___________________________________
Tag  ACT;GEN;ANIM;PRS;V;PL;V.PTCP;IPFV
Precision:  1.0
Recall:  0.0
F1-score:  0.0
___________________________________
Tag  FIN;3;SG;IND;MID;PRS;V;IPFV
Precision:  1.0
Recall:  0.6111111111111112
F1-score:  0.7586206896551725
___________________________________
Tag  PL;ADJ;NOM;ANIM
Precision:  1.0
Recall:  0.0
F1-score:  0.0
___________________________________
Tag  PFV;SG;PASS;NOM;ANIM;V;MASC;V.PTCP;PST
Precision:  0.8571428571428571
Recall:  0.5
F1-score:  0.631578947368421
___________________________________
Tag  SG;ADJ;NEUT;INAN;NOM
Precision:  0.3333333333333333
Recall:  0.12121212121212122
F1-score:  0.17777777777777776
___________________________________
Tag  PL;INAN;N;NOM;MASC
Precision:  1.0
Recall:  0.0
F1-score:  0.0
___________________________________
Tag  INAN;SG;N;NEUT;DAT
Precision:  1.0
Recall:  0.0
F1-score:  0.0
___________________________________
Tag  FEM;INAN;DAT;N;SG
Precision:  1.0
Recall:  0.0
F1-score:  0.0
___________________________________
Tag  ADJ;PL;ACC;INAN
Precision:  1.0
Recall:  0.0
F1-score:  0.0
___________________________________
Tag  SG;ADJ;ANIM;NOM;MASC
Precision:  0.6086956521739131
Recall:  0.4117647058823529
F1-score:  0.4912280701754386
___________________________________
Tag  GEN;FEM;PROPN;INAN;PL
Precision:  1.0
Recall:  0.5
F1-score:  0.6666666666666666
___________________________________
Tag  PROPN;ANIM;INS;PL;MASC
Precision:  1.0
Recall:  0.0
F1-score:  0.0
___________________________________
Tag  ACT;INAN;V;NOM;SG;V.PTCP;NEUT;IPFV;PRS
Precision:  1.0
Recall:  0.0
F1-score:  0.0
___________________________________
Tag  FIN;V;SG;PFV;NEUT;IND;PST
Precision:  1.0
Recall:  0.0
F1-score:  0.0
___________________________________
Tag  NUM;GEN;INAN;MASC
Precision:  0.5
Recall:  0.5
F1-score:  0.5
___________________________________
Tag  ADJ;ESS;PL;INAN
Precision:  1.0
Recall:  0.0
F1-score:  0.0
___________________________________
Tag  NEUT;PL;INAN;N;GEN
Precision:  0.2
Recall:  0.2
F1-score:  0.20000000000000004
___________________________________
Tag  FEM;INAN;PROPN;NOM;SG
Precision:  1.0
Recall:  0.0
F1-score:  0.0
___________________________________
Tag  ACT;PFV;INAN;NOM;V;PL;PST;V.PTCP
Precision:  1.0
Recall:  0.0
F1-score:  0.0
___________________________________
Tag  MASC;INAN;SG;N;DAT
Precision:  1.0
Recall:  0.0
F1-score:  0.0
___________________________________
Tag  INAN;FEM;SG;INS;N
Precision:  1.0
Recall:  0.0
F1-score:  0.0
___________________________________
Tag  PST;PL;INAN;NOM;V;PFV;V.PTCP;PASS
Precision:  1.0
Recall:  0.0
F1-score:  0.0
___________________________________
Tag  PL;FEM;INAN;N;NOM
Precision:  1.0
Recall:  0.0
F1-score:  0.0
___________________________________
Tag  SG;PROPN;ANIM;INS;MASC
Precision:  0.25
Recall:  0.07142857142857142
F1-score:  0.11111111111111112
___________________________________
Tag  INAN;N;NOM;MASC;SG
Precision:  1.0
Recall:  0.0
F1-score:  0.0
___________________________________
Tag  RL;ADV
Precision:  1.0
Recall:  0.0
F1-score:  0.0
___________________________________
Tag  FIN;SG;MID;IND;V;IPFV;PRS;3
Precision:  1.0
Recall:  0.0
F1-score:  0.0
___________________________________
Tag  PFV;PASS;ESS;INAN;V;PL;PST;V.PTCP
Precision:  1.0
Recall:  0.0
F1-score:  0.0
___________________________________
Tag  ACC;SG;FEM;PROPN;INAN
Precision:  0.5
Recall:  0.16666666666666666
F1-score:  0.25
___________________________________
Tag  ADJ;INAN;MASC;SG;GEN
Precision:  1.0
Recall:  0.0
F1-score:  0.0
___________________________________
Tag  ACC;PFV;SG;PASS;ANIM;V;MASC;V.PTCP;PST
Precision:  1.0
Recall:  0.0
F1-score:  0.0
___________________________________
Tag  SG;PRO;NEUT;DAT;INAN
Precision:  1.0
Recall:  0.0
F1-score:  0.0
___________________________________
Tag  ACT;GEN;PFV;SG;ANIM;V;MASC;V.PTCP;PST
Precision:  1.0
Recall:  0.0
F1-score:  0.0
___________________________________
Tag  GEN;ADJ;INAN;RL;PL
Precision:  1.0
Recall:  0.0
F1-score:  0.0
___________________________________
Tag  SG;FEM;ADJ;DAT;INAN
Precision:  1.0
Recall:  0.0
F1-score:  0.0
___________________________________
Tag  ACT;SG;ANIM;NOM;V;PRS;MASC;V.PTCP;IPFV
Precision:  1.0
Recall:  0.0
F1-score:  0.0
___________________________________
Tag  ACT;ACC;SG;INAN;PRS;V;MASC;V.PTCP;IPFV
Precision:  1.0
Recall:  0.0
F1-score:  0.0
___________________________________
Tag  N;ANIM;NOM;PL;MASC
Precision:  0.9090909090909091
Recall:  0.29411764705882354
F1-score:  0.4444444444444445
___________________________________
Tag  INAN;SG;GEN;N;NEUT
Precision:  1.0
Recall:  0.0
F1-score:  0.0
___________________________________
Tag  FEM;N;NOM;ANIM;SG
Precision:  1.0
Recall:  0.0
F1-score:  0.0
___________________________________
Tag  MASC;ANIM;NOM;SG;ADJ
Precision:  1.0
Recall:  0.0
F1-score:  0.0
___________________________________
Tag  PFV;PASS;NOM;ANIM;V;PL;PST;V.PTCP
Precision:  1.0
Recall:  0.25
F1-score:  0.4
___________________________________
Tag  GEN;PL;ADJ;ANIM
Precision:  1.0
Recall:  0.0
F1-score:  0.0
___________________________________
Tag  SG;FEM;DAT;PROPN;ANIM
Precision:  1.0
Recall:  0.0
F1-score:  0.0
___________________________________
Tag  MASC;ANIM;NOM;SG;N
Precision:  0.16666666666666666
Recall:  0.1
F1-score:  0.125
___________________________________
Tag  FEM;INAN;PROPN;ESS;SG
Precision:  1.0
Recall:  0.0
F1-score:  0.0
___________________________________
Tag  PRS;PL;ACT;INAN;IPFV;V.PTCP;V;GEN
Precision:  1.0
Recall:  0.0
F1-score:  0.0
___________________________________
Tag  NUM;ACC;INAN
Precision:  1.0
Recall:  0.0
F1-score:  0.0
___________________________________
Tag  SG;ADJ;NEUT
Precision:  1.0
Recall:  0.3333333333333333
F1-score:  0.5
___________________________________
Tag  PFV;FIN;IND;V;PL;PST
Precision:  0.7857142857142857
Recall:  0.4782608695652174
F1-score:  0.5945945945945946
___________________________________
Tag  PFV;SG;IND;FIN;V;MASC;PST
Precision:  0.9285714285714286
Recall:  0.8125
F1-score:  0.8666666666666666
___________________________________
Tag  SG;PRO;FEM;DAT;INAN
Precision:  1.0
Recall:  0.0
F1-score:  0.0
___________________________________
Tag  MASC;INAN;NOM;SG;PROPN
Precision:  1.0
Recall:  0.0
F1-score:  0.0
___________________________________
Tag  GEN;SG;ADJ;ANIM;MASC
Precision:  0.7142857142857143
Recall:  0.5555555555555556
F1-score:  0.6250000000000001
___________________________________
Tag  ACC;FEM;INAN;N;SG
Precision:  1.0
Recall:  0.0
F1-score:  0.0
___________________________________
Tag  3;SG;PRO;NEUT;NOM
Precision:  1.0
Recall:  1.0
F1-score:  1.0
___________________________________
Tag  ACC;SG;ADJ;INAN;MASC
Precision:  0.3333333333333333
Recall:  0.16
F1-score:  0.21621621621621623
___________________________________
Tag  ADV;CMPR
Precision:  0.9473684210526315
Recall:  0.8571428571428571
F1-score:  0.9
___________________________________
Tag  SG;FEM;ESS;PROPN;INAN
Precision:  0.3888888888888889
Recall:  0.28
F1-score:  0.32558139534883723
___________________________________
Tag  ACC;PFV;PASS;INAN;V;PL;PST;V.PTCP
Precision:  1.0
Recall:  0.0
F1-score:  0.0
___________________________________
Tag  PRS;ACT;FEM;IPFV;V.PTCP;V;ANIM;SG;GEN
Precision:  1.0
Recall:  0.0
F1-score:  0.0
___________________________________
Tag  INAN;PRO;GEN;PL
Precision:  1.0
Recall:  1.0
F1-score:  1.0
___________________________________
Tag  INAN;PL;ADJ;ACC
Precision:  0.6
Recall:  0.2
F1-score:  0.3
___________________________________
Tag  GEN;SG;FEM;INAN;DET
Precision:  0.25
Recall:  0.25
F1-score:  0.25
___________________________________
Tag  SG;N;FEM;INAN;INS
Precision:  0.6428571428571429
Recall:  0.23684210526315788
F1-score:  0.34615384615384615
___________________________________
Tag  ACC;3;SG;PRO;NEUT
Precision:  1.0
Recall:  0.0
F1-score:  0.0
___________________________________
Tag  ACT;ACC;PFV;INAN;V;PL;PST;V.PTCP
Precision:  1.0
Recall:  0.0
F1-score:  0.0
___________________________________
Tag  ACT;PFV;SG;INAN;INS;V;MASC;V.PTCP;PST
Precision:  1.0
Recall:  0.0
F1-score:  0.0
___________________________________
Tag  DET;GEN;PL;INAN
Precision:  1.0
Recall:  0.0
F1-score:  0.0
___________________________________
Tag  MASC;FIN;V;SG;PFV;MID;IND;PST
Precision:  1.0
Recall:  1.0
F1-score:  1.0
___________________________________
Tag  FIN;V;PFV;PL;IND;PST
Precision:  1.0
Recall:  0.0
F1-score:  0.0
___________________________________
Tag  INAN;PL;ADJ;NOM
Precision:  0.4166666666666667
Recall:  0.11363636363636363
F1-score:  0.17857142857142858
___________________________________
Tag  MASC;INAN;SG;ADJ;INS
Precision:  1.0
Recall:  0.0
F1-score:  0.0
___________________________________
Tag  MASC;INAN;SG;GEN;ADJ
Precision:  1.0
Recall:  0.0
F1-score:  0.0
___________________________________
Tag  NEUT;PST;V;IPFV;SG;IND;FIN
Precision:  1.0
Recall:  0.0
F1-score:  0.0
___________________________________
Tag  ADJ;FEM;INAN;ESS;SG
Precision:  1.0
Recall:  0.0
F1-score:  0.0
___________________________________
Tag  NUM;INAN;NOM;MASC
Precision:  1.0
Recall:  0.0
F1-score:  0.0
___________________________________
Tag  FEM;3;NOM;SG;PRO
Precision:  1.0
Recall:  0.0
F1-score:  0.0
___________________________________
Tag  ANIM;PL;GEN;DET
Precision:  1.0
Recall:  0.0
F1-score:  0.0
___________________________________
Tag  NUM;NOM;INAN
Precision:  1.0
Recall:  0.0
F1-score:  0.0
___________________________________
Tag  NUM;GEN;SG;INAN;MASC
Precision:  1.0
Recall:  0.0
F1-score:  0.0
___________________________________
Tag  GEN;SG;N;ANIM;MASC
Precision:  0.8571428571428571
Recall:  0.48
F1-score:  0.6153846153846153
___________________________________
Tag  SG;NEUT;PROPN;INAN;NOM
Precision:  1.0
Recall:  0.0
F1-score:  0.0
___________________________________
Tag  SG;FEM;INAN;DET;NOM
Precision:  1.0
Recall:  0.5
F1-score:  0.6666666666666666
___________________________________
Tag  GEN;SG;PROPN;INAN;MASC
Precision:  0.8571428571428571
Recall:  0.35294117647058826
F1-score:  0.5
___________________________________
Tag  INAN;NOM;FEM;N;PL
Precision:  1.0
Recall:  0.0
F1-score:  0.0
___________________________________
Tag  NFIN;PFV;V
Precision:  1.0
Recall:  0.0
F1-score:  0.0
___________________________________
Tag  ACC;SG;ADJ;ANIM;MASC
Precision:  1.0
Recall:  0.0
F1-score:  0.0
___________________________________
Tag  GEN;N;FEM;ANIM;PL
Precision:  0.6
Recall:  0.6
F1-score:  0.6
___________________________________
Tag  3;SG;PRO;NOM;MASC
Precision:  1.0
Recall:  1.0
F1-score:  1.0
___________________________________
Tag  GEN;PROPN;ANIM;PL;MASC
Precision:  1.0
Recall:  0.0
F1-score:  0.0
___________________________________
Tag  ADV
Precision:  0.8140495867768595
Recall:  0.6588628762541806
F1-score:  0.7282809611829943
___________________________________
Tag  NUM;ACC
Precision:  0.3
Recall:  0.12
F1-score:  0.17142857142857143
___________________________________
Tag  MASC;INAN;NOM;NUM
Precision:  1.0
Recall:  0.0
F1-score:  0.0
___________________________________
Tag  INAN;DAT;N;MASC;SG
Precision:  1.0
Recall:  0.0
F1-score:  0.0
___________________________________
Tag  PRO;ACC;PL;INAN
Precision:  1.0
Recall:  0.0
F1-score:  0.0
___________________________________
Tag  ACT;GEN;PFV;ANIM;V;PL;PST;V.PTCP
Precision:  1.0
Recall:  0.0
F1-score:  0.0
___________________________________
Tag  ACC;PROPN;MASC;ANIM;SG
Precision:  1.0
Recall:  0.0
F1-score:  0.0
___________________________________
Tag  V.CVB;V;IPFV
Precision:  1.0
Recall:  1.0
F1-score:  1.0
___________________________________
Tag  ADJ;PL;INAN;ESS
Precision:  1.0
Recall:  0.0
F1-score:  0.0
___________________________________
Tag  PST;ACT;MASC;V;PFV;ANIM;SG;V.PTCP;GEN
Precision:  1.0
Recall:  0.0
F1-score:  0.0
___________________________________
Tag  SG;FEM;PROPN;INAN;INS
Precision:  1.0
Recall:  0.5
F1-score:  0.6666666666666666
___________________________________
Tag  MASC;INAN;SG;GEN;PROPN
Precision:  1.0
Recall:  0.0
F1-score:  0.0
___________________________________
Tag  MASC;ANIM;SG;INS;PROPN
Precision:  1.0
Recall:  0.0
F1-score:  0.0
___________________________________
Tag  FIN;3;IND;PRS;V;PL;IPFV
Precision:  0.8666666666666667
Recall:  0.52
F1-score:  0.65
___________________________________
Tag  GEN;SG;N;INAN;MASC
Precision:  0.9175824175824175
Recall:  0.7660550458715596
F1-score:  0.835
___________________________________
Tag  FIN;V;MID;PL;IND;IPFV;PRS;3
Precision:  1.0
Recall:  0.0
F1-score:  0.0
___________________________________
Tag  ACC;PFV;SG;PASS;NEUT;INAN;V;PST;V.PTCP
Precision:  1.0
Recall:  0.0
F1-score:  0.0
___________________________________
Tag  SG;ESS;PROPN;INAN;MASC
Precision:  0.6666666666666666
Recall:  0.21052631578947367
F1-score:  0.32
___________________________________
Tag  NUM;FEM;INAN;NOM
Precision:  1.0
Recall:  0.0
F1-score:  0.0
___________________________________
Tag  MASC;ANIM;NOM;SG;PROPN
Precision:  0.16666666666666666
Recall:  0.0625
F1-score:  0.09090909090909091
___________________________________
Tag  ACC;SG;ADJ;NEUT;INAN
Precision:  0.45454545454545453
Recall:  0.2777777777777778
F1-score:  0.3448275862068966
___________________________________
Tag  PL;INAN;N;MASC;GEN
Precision:  1.0
Recall:  0.0
F1-score:  0.0
___________________________________
Tag  FEM;ESS;PROPN;INAN;PL
Precision:  1.0
Recall:  0.0
F1-score:  0.0
___________________________________
Tag  FIN;V;PL;IND;IPFV;PRS;3
Precision:  1.0
Recall:  0.0
F1-score:  0.0
___________________________________
Tag  INAN;FEM;SG;PROPN;ESS
Precision:  1.0
Recall:  0.0
F1-score:  0.0
___________________________________
Tag  ACT;INAN;V;FEM;SG;GEN;V.PTCP;IPFV;PRS
Precision:  1.0
Recall:  0.0
F1-score:  0.0
___________________________________
Tag  FIN;V;SG;PFV;MID;NEUT;IND;PST
Precision:  1.0
Recall:  0.0
F1-score:  0.0
___________________________________
Tag  INAN;V;PASS;NOM;SG;V.PTCP;PFV;NEUT;PST
Precision:  1.0
Recall:  0.0
F1-score:  0.0
___________________________________
Tag  ADJ;ANIM;PL;GEN
Precision:  1.0
Recall:  0.0
F1-score:  0.0
___________________________________
Tag  N;FEM;INAN;INS;PL
Precision:  1.0
Recall:  0.25
F1-score:  0.4
___________________________________
Tag  PRO;PL;NOM;1
Precision:  1.0
Recall:  0.0
F1-score:  0.0
___________________________________
Tag  INAN;NUM;DAT
Precision:  0.5
Recall:  0.5
F1-score:  0.5
___________________________________
Tag  FIN;3;IND;MID;PRS;V;PL;IPFV
Precision:  0.8
Recall:  0.3333333333333333
F1-score:  0.47058823529411764
___________________________________
Tag  PL;ADJ;ANIM;ESS
Precision:  1.0
Recall:  0.0
F1-score:  0.0
___________________________________
Tag  PFV;SG;IND;FIN;NEUT;V;PST
Precision:  1.0
Recall:  0.5
F1-score:  0.6666666666666666
___________________________________
Tag  PFV;SG;PASS;FEM;NOM;ANIM;V;PST;V.PTCP
Precision:  1.0
Recall:  1.0
F1-score:  1.0
___________________________________
Tag  FIN;3;IND;MID;V;PRS;PL;IPFV
Precision:  1.0
Recall:  1.0
F1-score:  1.0
___________________________________
Tag  GEN;PFV;PASS;INAN;V;PL;PST;V.PTCP
Precision:  1.0
Recall:  0.2
F1-score:  0.33333333333333337
___________________________________
Tag  DAT;DET;ANIM;REFL;PL
Precision:  1.0
Recall:  0.0
F1-score:  0.0
___________________________________
Tag  INAN;PROPN;NOM;MASC;SG
Precision:  1.0
Recall:  0.0
F1-score:  0.0
___________________________________
Tag  NUM;GEN;INAN
Precision:  1.0
Recall:  0.0
F1-score:  0.0
___________________________________
Tag  INAN;SG;PRO;NEUT;ESS
Precision:  1.0
Recall:  0.0
F1-score:  0.0
___________________________________
Tag  SG;FEM;INAN;DET;INS
Precision:  1.0
Recall:  0.0
F1-score:  0.0
___________________________________
Tag  SG;N;INAN;INS;MASC
Precision:  0.8260869565217391
Recall:  0.40425531914893614
F1-score:  0.5428571428571428
___________________________________
Tag  ACT;INAN;INS;V;PRS;PL;V.PTCP;IPFV
Precision:  1.0
Recall:  0.0
F1-score:  0.0
___________________________________
Tag  SG;ADJ;ANIM;INS;MASC
Precision:  1.0
Recall:  0.4
F1-score:  0.5714285714285715
___________________________________
Tag  FEM;DET;INAN;DAT;SG
Precision:  1.0
Recall:  0.0
F1-score:  0.0
___________________________________
Tag  3;SG;PRO;FEM;ESS
Precision:  1.0
Recall:  1.0
F1-score:  1.0
___________________________________
Tag  MASC;NOM;SG;PRO;3
Precision:  1.0
Recall:  0.0
F1-score:  0.0
___________________________________
Tag  INAN;DET;ACC;PL
Precision:  1.0
Recall:  0.0
F1-score:  0.0
___________________________________
Tag  NFIN;V;PFV
Precision:  1.0
Recall:  0.6296296296296297
F1-score:  0.7727272727272727
___________________________________
Tag  MASC;ANIM;SG;ADJ;INS
Precision:  1.0
Recall:  0.0
F1-score:  0.0
___________________________________
Tag  PRO;NOM;SG;1
Precision:  1.0
Recall:  1.0
F1-score:  1.0
___________________________________
Tag  ACT;INAN;V;FEM;ACC;SG;V.PTCP;IPFV;PRS
Precision:  1.0
Recall:  0.0
F1-score:  0.0
___________________________________
Tag  PST;PL;V;PFV;IND;FIN
Precision:  1.0
Recall:  0.0
F1-score:  0.0
___________________________________
Tag  NUM;SG;INAN;NOM;MASC
Precision:  0.5
Recall:  0.2
F1-score:  0.28571428571428575
___________________________________
Tag  NEUT;INS;INAN;N;SG
Precision:  1.0
Recall:  0.0
F1-score:  0.0
___________________________________
Tag  GEN;SG;ADJ;INAN;MASC
Precision:  0.532608695652174
Recall:  0.37404580152671757
F1-score:  0.4394618834080718
___________________________________
Tag  GEN;N;NEUT;ANIM;PL
Precision:  1.0
Recall:  0.0
F1-score:  0.0
___________________________________
Tag  NEUT;ADJ;INAN;SG;GEN
Precision:  1.0
Recall:  0.0
F1-score:  0.0
___________________________________
Tag  PRO;ANIM;PL;GEN
Precision:  1.0
Recall:  0.0
F1-score:  0.0
___________________________________
Tag  FIN;IND;V;PL;PST;IPFV
Precision:  0.9047619047619048
Recall:  0.7307692307692307
F1-score:  0.8085106382978723
___________________________________
Tag  INAN;SG;GEN;PRO;NEUT
Precision:  1.0
Recall:  0.0
F1-score:  0.0
___________________________________
Tag  INAN;PL;ADJ;DAT
Precision:  0.3333333333333333
Recall:  0.125
F1-score:  0.18181818181818182
___________________________________
Tag  ACC;N;FEM;INAN;PL
Precision:  0.07692307692307693
Recall:  0.05555555555555555
F1-score:  0.06451612903225808
___________________________________
Tag  PROPN;NOM;MASC;ANIM;SG
Precision:  1.0
Recall:  0.0
F1-score:  0.0
___________________________________
Tag  N;FEM;ESS;INAN;PL
Precision:  0.8571428571428571
Recall:  0.42857142857142855
F1-score:  0.5714285714285714
___________________________________
Tag  ACC;SG;INAN;DET;REFL;MASC
Precision:  1.0
Recall:  1.0
F1-score:  1.0
___________________________________
Tag  NEUT;ADJ;INAN;DAT;SG
Precision:  1.0
Recall:  0.0
F1-score:  0.0
___________________________________
Tag  ACT;SG;FEM;ANIM;NOM;V;PRS;V.PTCP;IPFV
Precision:  1.0
Recall:  0.0
F1-score:  0.0
___________________________________
Tag  FUT;FIN;3;SG;IND;V;IPFV
Precision:  1.0
Recall:  1.0
F1-score:  1.0
___________________________________
Tag  NUM;ACC;INAN;MASC
Precision:  1.0
Recall:  0.0
F1-score:  0.0
___________________________________
Tag  NEUT;INS;INAN;SG;PRO
Precision:  1.0
Recall:  0.0
F1-score:  0.0
___________________________________
Tag  PFV;SG;PASS;ANIM;INS;V;MASC;V.PTCP;PST
Precision:  1.0
Recall:  0.0
F1-score:  0.0
___________________________________
Tag  PST;MID;MASC;V;PFV;SG;IND;FIN
Precision:  1.0
Recall:  0.0
F1-score:  0.0
___________________________________
Tag  N;DAT;INAN;PL;MASC
Precision:  0.8333333333333334
Recall:  0.45454545454545453
F1-score:  0.5882352941176471
___________________________________
Tag  PL;FEM;INAN;N;GEN
Precision:  1.0
Recall:  0.0
F1-score:  0.0
___________________________________
Tag  INAN;FEM;SG;N;ESS
Precision:  1.0
Recall:  0.0
F1-score:  0.0
___________________________________
Tag  MASC;INAN;SG;INS;N
Precision:  1.0
Recall:  0.0
F1-score:  0.0
___________________________________
Tag  INAN;NUM;NOM
Precision:  1.0
Recall:  0.0
F1-score:  0.0
___________________________________
Tag  PL;N;MASC;ANIM;GEN
Precision:  1.0
Recall:  0.0
F1-score:  0.0
___________________________________
Tag  PL;INS;INAN;N;MASC
Precision:  1.0
Recall:  0.0
F1-score:  0.0
___________________________________
Tag  ACT;SG;ANIM;NOM;V;MASC;V.PTCP;IPFV;PST
Precision:  1.0
Recall:  0.0
F1-score:  0.0
___________________________________
Tag  FUT;PFV;3;IND;FIN;V;PL
Precision:  1.0
Recall:  0.0
F1-score:  0.0
___________________________________
Tag  N;NEUT;INAN;NOM;PL
Precision:  0.6
Recall:  0.375
F1-score:  0.4615384615384615
___________________________________

