Running Raw 5 gram classifier on Sanskrit
Total:	194
Total UNK words:  106
Total Errors:	19
Correct:	69
Total errors:  19
Accuracy:	0.3556701030927835
Over all precision:  1.0
Over all recall:  0.8714859437751004
Overall F1-score:  0.9313304721030042

Tag  V
Precision:  1.0
Recall:  0.0
F1-score:  0.0
___________________________________
Tag  SG
Precision:  1.0
Recall:  0.0
F1-score:  0.0
___________________________________
Tag  1
Precision:  1.0
Recall:  0.0
F1-score:  0.0
___________________________________
Tag  IND
Precision:  1.0
Recall:  0.0
F1-score:  0.0
___________________________________
Tag  ACT
Precision:  1.0
Recall:  0.0
F1-score:  0.0
___________________________________
Tag  IPFV
Precision:  1.0
Recall:  0.0
F1-score:  0.0
___________________________________
Tag  FIN
Precision:  1.0
Recall:  0.0
F1-score:  0.0
___________________________________
Tag  V
Precision:  1.0
Recall:  0.0
F1-score:  0.0
___________________________________
Tag  SG
Precision:  1.0
Recall:  0.0
F1-score:  0.0
___________________________________
Tag  MASC
Precision:  1.0
Recall:  0.0
F1-score:  0.0
___________________________________
Tag  ACT
Precision:  1.0
Recall:  0.0
F1-score:  0.0
___________________________________
Tag  PRS
Precision:  1.0
Recall:  0.0
F1-score:  0.0
___________________________________
Tag  NOM
Precision:  1.0
Recall:  0.0
F1-score:  0.0
___________________________________
Tag  V.PTCP
Precision:  1.0
Recall:  0.0
F1-score:  0.0
___________________________________
Tag  SG
Precision:  1.0
Recall:  0.0
F1-score:  0.0
___________________________________
Tag  1
Precision:  1.0
Recall:  0.0
F1-score:  0.0
___________________________________
Tag  PRO
Precision:  1.0
Recall:  0.0
F1-score:  0.0
___________________________________
Tag  NOM
Precision:  1.0
Recall:  0.0
F1-score:  0.0
___________________________________
Tag  MASC
Precision:  1.0
Recall:  0.0
F1-score:  0.0
___________________________________
Tag  NOM
Precision:  1.0
Recall:  0.0
F1-score:  0.0
___________________________________
Tag  PROPN
Precision:  1.0
Recall:  0.0
F1-score:  0.0
___________________________________
Tag  SG
Precision:  1.0
Recall:  0.0
F1-score:  0.0
___________________________________
Tag  V
Precision:  1.0
Recall:  0.0
F1-score:  0.0
___________________________________
Tag  NEG
Precision:  1.0
Recall:  0.0
F1-score:  0.0
___________________________________
Tag  PST
Precision:  1.0
Recall:  0.0
F1-score:  0.0
___________________________________
Tag  PASS
Precision:  1.0
Recall:  0.0
F1-score:  0.0
___________________________________
Tag  MASC
Precision:  1.0
Recall:  0.0
F1-score:  0.0
___________________________________
Tag  NOM
Precision:  1.0
Recall:  0.0
F1-score:  0.0
___________________________________
Tag  V.PTCP
Precision:  1.0
Recall:  0.0
F1-score:  0.0
___________________________________
Tag  PL
Precision:  1.0
Recall:  0.0
F1-score:  0.0
___________________________________
Tag  V
Precision:  1.0
Recall:  0.0
F1-score:  0.0
___________________________________
Tag  SG
Precision:  1.0
Recall:  0.0
F1-score:  0.0
___________________________________
Tag  PST
Precision:  1.0
Recall:  0.0
F1-score:  0.0
___________________________________
Tag  PASS
Precision:  1.0
Recall:  0.0
F1-score:  0.0
___________________________________
Tag  NOM
Precision:  1.0
Recall:  0.0
F1-score:  0.0
___________________________________
Tag  V.PTCP
Precision:  1.0
Recall:  0.0
F1-score:  0.0
___________________________________
Tag  NEUT
Precision:  1.0
Recall:  0.0
F1-score:  0.0
___________________________________
Tag  V
Precision:  1.0
Recall:  0.0
F1-score:  0.0
___________________________________
Tag  SG
Precision:  1.0
Recall:  0.0
F1-score:  0.0
___________________________________
Tag  IND
Precision:  1.0
Recall:  0.0
F1-score:  0.0
___________________________________
Tag  ACT
Precision:  1.0
Recall:  0.0
F1-score:  0.0
___________________________________
Tag  3
Precision:  1.0
Recall:  0.0
F1-score:  0.0
___________________________________
Tag  PFV
Precision:  1.0
Recall:  0.0
F1-score:  0.0
___________________________________
Tag  FIN
Precision:  1.0
Recall:  0.0
F1-score:  0.0
___________________________________
Tag  N
Precision:  1.0
Recall:  0.0
F1-score:  0.0
___________________________________
Tag  GEN
Precision:  1.0
Recall:  0.0
F1-score:  0.0
___________________________________
Tag  SG
Precision:  1.0
Recall:  0.0
F1-score:  0.0
___________________________________
Tag  MASC
Precision:  1.0
Recall:  0.0
F1-score:  0.0
___________________________________
Tag  _
Precision:  1.0
Recall:  1.0
F1-score:  1.0
___________________________________
Tag  1
Precision:  1.0
Recall:  0.0
F1-score:  0.0
___________________________________
Tag  PRO
Precision:  1.0
Recall:  0.0
F1-score:  0.0
___________________________________
Tag  PL
Precision:  1.0
Recall:  0.0
F1-score:  0.0
___________________________________
Tag  INS
Precision:  1.0
Recall:  0.0
F1-score:  0.0
___________________________________
Tag  V
Precision:  1.0
Recall:  0.0
F1-score:  0.0
___________________________________
Tag  SG
Precision:  1.0
Recall:  0.0
F1-score:  0.0
___________________________________
Tag  IND
Precision:  1.0
Recall:  0.0
F1-score:  0.0
___________________________________
Tag  ACT
Precision:  1.0
Recall:  0.0
F1-score:  0.0
___________________________________
Tag  3
Precision:  1.0
Recall:  0.0
F1-score:  0.0
___________________________________
Tag  PRS
Precision:  1.0
Recall:  0.0
F1-score:  0.0
___________________________________
Tag  FIN
Precision:  1.0
Recall:  0.0
F1-score:  0.0
___________________________________
Tag  N
Precision:  1.0
Recall:  0.0
F1-score:  0.0
___________________________________
Tag  GEN
Precision:  1.0
Recall:  0.0
F1-score:  0.0
___________________________________
Tag  PL
Precision:  1.0
Recall:  0.0
F1-score:  0.0
___________________________________
Tag  MASC
Precision:  1.0
Recall:  0.0
F1-score:  0.0
___________________________________
Tag  SG
Precision:  1.0
Recall:  0.0
F1-score:  0.0
___________________________________
Tag  PRO
Precision:  1.0
Recall:  0.0
F1-score:  0.0
___________________________________
Tag  MASC
Precision:  1.0
Recall:  0.0
F1-score:  0.0
___________________________________
Tag  GEN
Precision:  1.0
Recall:  0.0
F1-score:  0.0
___________________________________
Tag  V
Precision:  1.0
Recall:  0.0
F1-score:  0.0
___________________________________
Tag  SG
Precision:  1.0
Recall:  0.0
F1-score:  0.0
___________________________________
Tag  PST
Precision:  1.0
Recall:  0.0
F1-score:  0.0
___________________________________
Tag  PASS
Precision:  1.0
Recall:  0.0
F1-score:  0.0
___________________________________
Tag  MASC
Precision:  1.0
Recall:  0.0
F1-score:  0.0
___________________________________
Tag  NOM
Precision:  1.0
Recall:  0.0
F1-score:  0.0
___________________________________
Tag  V.PTCP
Precision:  1.0
Recall:  0.0
F1-score:  0.0
___________________________________
Tag  SG
Precision:  1.0
Recall:  0.0
F1-score:  0.0
___________________________________
Tag  PST
Precision:  1.0
Recall:  0.0
F1-score:  0.0
___________________________________
Tag  ACC
Precision:  1.0
Recall:  0.0
F1-score:  0.0
___________________________________
Tag  PASS
Precision:  1.0
Recall:  0.0
F1-score:  0.0
___________________________________
Tag  V.PTCP
Precision:  1.0
Recall:  0.0
F1-score:  0.0
___________________________________
Tag  N
Precision:  1.0
Recall:  0.0
F1-score:  0.0
___________________________________
Tag  NEUT
Precision:  1.0
Recall:  0.0
F1-score:  0.0
___________________________________
Tag  V
Precision:  1.0
Recall:  0.0
F1-score:  0.0
___________________________________
Tag  SG
Precision:  1.0
Recall:  0.0
F1-score:  0.0
___________________________________
Tag  PASS
Precision:  1.0
Recall:  0.0
F1-score:  0.0
___________________________________
Tag  3
Precision:  1.0
Recall:  0.0
F1-score:  0.0
___________________________________
Tag  FIN
Precision:  1.0
Recall:  0.0
F1-score:  0.0
___________________________________
Tag  OPT
Precision:  1.0
Recall:  0.0
F1-score:  0.0
___________________________________
Tag  3
Precision:  1.0
Recall:  0.0
F1-score:  0.0
___________________________________
Tag  PRO
Precision:  1.0
Recall:  0.0
F1-score:  0.0
___________________________________
Tag  N
Precision:  1.0
Recall:  0.0
F1-score:  0.0
___________________________________
Tag  NEUT
Precision:  1.0
Recall:  0.0
F1-score:  0.0
___________________________________
Tag  SG
Precision:  1.0
Recall:  0.0
F1-score:  0.0
___________________________________
Tag  ESS
Precision:  1.0
Recall:  0.0
F1-score:  0.0
___________________________________
Tag  SG
Precision:  1.0
Recall:  0.0
F1-score:  0.0
___________________________________
Tag  MASC
Precision:  1.0
Recall:  0.0
F1-score:  0.0
___________________________________
Tag  NOM
Precision:  1.0
Recall:  0.0
F1-score:  0.0
___________________________________
Tag  DET
Precision:  1.0
Recall:  0.0
F1-score:  0.0
___________________________________
Tag  N
Precision:  1.0
Recall:  0.0
F1-score:  0.0
___________________________________
Tag  INS
Precision:  1.0
Recall:  0.0
F1-score:  0.0
___________________________________
Tag  PL
Precision:  1.0
Recall:  0.0
F1-score:  0.0
___________________________________
Tag  MASC
Precision:  1.0
Recall:  0.0
F1-score:  0.0
___________________________________
Tag  INS
Precision:  1.0
Recall:  0.0
F1-score:  0.0
___________________________________
Tag  PL
Precision:  1.0
Recall:  0.0
F1-score:  0.0
___________________________________
Tag  NUM
Precision:  1.0
Recall:  0.0
F1-score:  0.0
___________________________________
Tag  SG
Precision:  1.0
Recall:  0.0
F1-score:  0.0
___________________________________
Tag  ACC
Precision:  1.0
Recall:  0.0
F1-score:  0.0
___________________________________
Tag  DET
Precision:  1.0
Recall:  0.0
F1-score:  0.0
___________________________________
Tag  NEUT
Precision:  1.0
Recall:  0.0
F1-score:  0.0
___________________________________
Tag  SG
Precision:  1.0
Recall:  0.0
F1-score:  0.0
___________________________________
Tag  1
Precision:  1.0
Recall:  0.0
F1-score:  0.0
___________________________________
Tag  PRO
Precision:  1.0
Recall:  0.0
F1-score:  0.0
___________________________________
Tag  GEN
Precision:  1.0
Recall:  0.0
F1-score:  0.0
___________________________________
Tag  N
Precision:  1.0
Recall:  0.9375
F1-score:  0.967741935483871
___________________________________
Tag  N
Precision:  1.0
Recall:  0.0
F1-score:  0.0
___________________________________
Tag  INS
Precision:  1.0
Recall:  0.0
F1-score:  0.0
___________________________________
Tag  SG
Precision:  1.0
Recall:  0.0
F1-score:  0.0
___________________________________
Tag  FEM
Precision:  1.0
Recall:  0.0
F1-score:  0.0
___________________________________
Tag  V
Precision:  1.0
Recall:  0.0
F1-score:  0.0
___________________________________
Tag  PST
Precision:  1.0
Recall:  0.0
F1-score:  0.0
___________________________________
Tag  PASS
Precision:  1.0
Recall:  0.0
F1-score:  0.0
___________________________________
Tag  MASC
Precision:  1.0
Recall:  0.0
F1-score:  0.0
___________________________________
Tag  NOM
Precision:  1.0
Recall:  0.0
F1-score:  0.0
___________________________________
Tag  V.PTCP
Precision:  1.0
Recall:  0.0
F1-score:  0.0
___________________________________
Tag  PL
Precision:  1.0
Recall:  0.0
F1-score:  0.0
___________________________________
Tag  N
Precision:  1.0
Recall:  0.0
F1-score:  0.0
___________________________________
Tag  SG
Precision:  1.0
Recall:  0.0
F1-score:  0.0
___________________________________
Tag  FEM
Precision:  1.0
Recall:  0.0
F1-score:  0.0
___________________________________
Tag  ESS
Precision:  1.0
Recall:  0.0
F1-score:  0.0
___________________________________
Tag  SG
Precision:  1.0
Recall:  0.0
F1-score:  0.0
___________________________________
Tag  ACC
Precision:  1.0
Recall:  0.0
F1-score:  0.0
___________________________________
Tag  PRO
Precision:  1.0
Recall:  0.0
F1-score:  0.0
___________________________________
Tag  MASC
Precision:  1.0
Recall:  0.0
F1-score:  0.0
___________________________________
Tag  FORM
Precision:  1.0
Recall:  0.0
F1-score:  0.0
___________________________________
Tag  3
Precision:  1.0
Recall:  0.0
F1-score:  0.0
___________________________________
Tag  MASC
Precision:  1.0
Recall:  0.0
F1-score:  0.0
___________________________________
Tag  ACC
Precision:  1.0
Recall:  0.0
F1-score:  0.0
___________________________________
Tag  SG
Precision:  1.0
Recall:  0.0
F1-score:  0.0
___________________________________
Tag  ADJ
Precision:  1.0
Recall:  0.0
F1-score:  0.0
___________________________________
Tag  N
Precision:  1.0
Recall:  0.0
F1-score:  0.0
___________________________________
Tag  NOM
Precision:  1.0
Recall:  0.0
F1-score:  0.0
___________________________________
Tag  MASC
Precision:  1.0
Recall:  0.0
F1-score:  0.0
___________________________________
Tag  SG
Precision:  1.0
Recall:  0.0
F1-score:  0.0
___________________________________
Tag  DET
Precision:  1.0
Recall:  0.0
F1-score:  0.0
___________________________________
Tag  INS
Precision:  1.0
Recall:  0.0
F1-score:  0.0
___________________________________
Tag  SG
Precision:  1.0
Recall:  0.0
F1-score:  0.0
___________________________________
Tag  PRO
Precision:  1.0
Recall:  0.0
F1-score:  0.0
___________________________________
Tag  V
Precision:  1.0
Recall:  0.0
F1-score:  0.0
___________________________________
Tag  SG
Precision:  1.0
Recall:  0.0
F1-score:  0.0
___________________________________
Tag  PST
Precision:  1.0
Recall:  0.0
F1-score:  0.0
___________________________________
Tag  IND
Precision:  1.0
Recall:  0.0
F1-score:  0.0
___________________________________
Tag  ACT
Precision:  1.0
Recall:  0.0
F1-score:  0.0
___________________________________
Tag  3
Precision:  1.0
Recall:  0.0
F1-score:  0.0
___________________________________
Tag  PFV
Precision:  1.0
Recall:  0.0
F1-score:  0.0
___________________________________
Tag  FIN
Precision:  1.0
Recall:  0.0
F1-score:  0.0
___________________________________
Tag  NEG
Precision:  1.0
Recall:  0.0
F1-score:  0.0
___________________________________
Tag  PART
Precision:  1.0
Recall:  0.0
F1-score:  0.0
___________________________________
Tag  N
Precision:  1.0
Recall:  0.0
F1-score:  0.0
___________________________________
Tag  SG
Precision:  1.0
Recall:  0.0
F1-score:  0.0
___________________________________
Tag  MASC
Precision:  1.0
Recall:  0.0
F1-score:  0.0
___________________________________
Tag  AT+ABL
Precision:  1.0
Recall:  0.0
F1-score:  0.0
___________________________________
Tag  SG
Precision:  1.0
Recall:  0.0
F1-score:  0.0
___________________________________
Tag  PRO
Precision:  1.0
Recall:  0.0
F1-score:  0.0
___________________________________
Tag  NOM
Precision:  1.0
Recall:  0.0
F1-score:  0.0
___________________________________
Tag  FEM
Precision:  1.0
Recall:  0.0
F1-score:  0.0
___________________________________
Tag  SG
Precision:  1.0
Recall:  0.0
F1-score:  0.0
___________________________________
Tag  IND
Precision:  1.0
Recall:  0.0
F1-score:  0.0
___________________________________
Tag  ACT
Precision:  1.0
Recall:  0.0
F1-score:  0.0
___________________________________
Tag  3
Precision:  1.0
Recall:  0.0
F1-score:  0.0
___________________________________
Tag  PRS
Precision:  1.0
Recall:  0.0
F1-score:  0.0
___________________________________
Tag  FIN
Precision:  1.0
Recall:  0.0
F1-score:  0.0
___________________________________
Tag  V
Precision:  1.0
Recall:  0.0
F1-score:  0.0
___________________________________
Tag  NEUT
Precision:  1.0
Recall:  0.0
F1-score:  0.0
___________________________________
Tag  ACC
Precision:  1.0
Recall:  0.0
F1-score:  0.0
___________________________________
Tag  SG
Precision:  1.0
Recall:  0.0
F1-score:  0.0
___________________________________
Tag  ADJ
Precision:  1.0
Recall:  0.0
F1-score:  0.0
___________________________________
Tag  N
Precision:  1.0
Recall:  0.0
F1-score:  0.0
___________________________________
Tag  INS
Precision:  1.0
Recall:  0.0
F1-score:  0.0
___________________________________
Tag  NEUT
Precision:  1.0
Recall:  0.0
F1-score:  0.0
___________________________________
Tag  SG
Precision:  1.0
Recall:  0.0
F1-score:  0.0
___________________________________
Tag  CONJ
Precision:  1.0
Recall:  1.0
F1-score:  1.0
___________________________________
Tag  ADJ
Precision:  1.0
Recall:  0.0
F1-score:  0.0
___________________________________
Tag  V
Precision:  1.0
Recall:  0.0
F1-score:  0.0
___________________________________
Tag  V.CVB
Precision:  1.0
Recall:  0.0
F1-score:  0.0
___________________________________
Tag  V
Precision:  1.0
Recall:  0.0
F1-score:  0.0
___________________________________
Tag  SG
Precision:  1.0
Recall:  0.0
F1-score:  0.0
___________________________________
Tag  PASS
Precision:  1.0
Recall:  0.0
F1-score:  0.0
___________________________________
Tag  MASC
Precision:  1.0
Recall:  0.0
F1-score:  0.0
___________________________________
Tag  NOM
Precision:  1.0
Recall:  0.0
F1-score:  0.0
___________________________________
Tag  V.PTCP
Precision:  1.0
Recall:  0.0
F1-score:  0.0
___________________________________
Tag  FUT
Precision:  1.0
Recall:  0.0
F1-score:  0.0
___________________________________
Tag  V
Precision:  1.0
Recall:  0.0
F1-score:  0.0
___________________________________
Tag  PASS
Precision:  1.0
Recall:  0.0
F1-score:  0.0
___________________________________
Tag  MASC
Precision:  1.0
Recall:  0.0
F1-score:  0.0
___________________________________
Tag  NOM
Precision:  1.0
Recall:  0.0
F1-score:  0.0
___________________________________
Tag  V.PTCP
Precision:  1.0
Recall:  0.0
F1-score:  0.0
___________________________________
Tag  PL
Precision:  1.0
Recall:  0.0
F1-score:  0.0
___________________________________
Tag  FUT
Precision:  1.0
Recall:  0.0
F1-score:  0.0
___________________________________
Tag  SG
Precision:  1.0
Recall:  0.0
F1-score:  0.0
___________________________________
Tag  PRO
Precision:  1.0
Recall:  0.0
F1-score:  0.0
___________________________________
Tag  NOM
Precision:  1.0
Recall:  0.0
F1-score:  0.0
___________________________________
Tag  NEUT
Precision:  1.0
Recall:  0.0
F1-score:  0.0
___________________________________
Tag  N
Precision:  1.0
Recall:  0.0
F1-score:  0.0
___________________________________
Tag  INS
Precision:  1.0
Recall:  0.0
F1-score:  0.0
___________________________________
Tag  SG
Precision:  1.0
Recall:  0.0
F1-score:  0.0
___________________________________
Tag  MASC
Precision:  1.0
Recall:  0.0
F1-score:  0.0
___________________________________
Tag  SG
Precision:  1.0
Recall:  0.0
F1-score:  0.0
___________________________________
Tag  MASC
Precision:  1.0
Recall:  0.0
F1-score:  0.0
___________________________________
Tag  DET
Precision:  1.0
Recall:  0.0
F1-score:  0.0
___________________________________
Tag  AT+ABL
Precision:  1.0
Recall:  0.0
F1-score:  0.0
___________________________________
Tag  N
Precision:  1.0
Recall:  0.0
F1-score:  0.0
___________________________________
Tag  NEUT
Precision:  1.0
Recall:  0.0
F1-score:  0.0
___________________________________
Tag  NOM
Precision:  1.0
Recall:  0.0
F1-score:  0.0
___________________________________
Tag  SG
Precision:  1.0
Recall:  0.0
F1-score:  0.0
___________________________________
Tag  MASC
Precision:  1.0
Recall:  0.0
F1-score:  0.0
___________________________________
Tag  NOM
Precision:  1.0
Recall:  0.0
F1-score:  0.0
___________________________________
Tag  SG
Precision:  1.0
Recall:  0.0
F1-score:  0.0
___________________________________
Tag  ADJ
Precision:  1.0
Recall:  0.0
F1-score:  0.0
___________________________________
Tag  PRO
Precision:  1.0
Recall:  0.0
F1-score:  0.0
___________________________________
Tag  PL
Precision:  1.0
Recall:  0.0
F1-score:  0.0
___________________________________
Tag  GEN
Precision:  1.0
Recall:  0.0
F1-score:  0.0
___________________________________
Tag  NEUT
Precision:  1.0
Recall:  0.0
F1-score:  0.0
___________________________________
Tag  SG
Precision:  1.0
Recall:  0.0
F1-score:  0.0
___________________________________
Tag  PRO
Precision:  1.0
Recall:  0.0
F1-score:  0.0
___________________________________
Tag  MASC
Precision:  1.0
Recall:  0.0
F1-score:  0.0
___________________________________
Tag  NOM
Precision:  1.0
Recall:  0.0
F1-score:  0.0
___________________________________
Tag  N
Precision:  1.0
Recall:  0.0
F1-score:  0.0
___________________________________
Tag  PL
Precision:  1.0
Recall:  0.0
F1-score:  0.0
___________________________________
Tag  MASC
Precision:  1.0
Recall:  0.0
F1-score:  0.0
___________________________________
Tag  DAT
Precision:  1.0
Recall:  0.0
F1-score:  0.0
___________________________________
Tag  V
Precision:  1.0
Recall:  0.0
F1-score:  0.0
___________________________________
Tag  MID
Precision:  1.0
Recall:  0.0
F1-score:  0.0
___________________________________
Tag  SG
Precision:  1.0
Recall:  0.0
F1-score:  0.0
___________________________________
Tag  IND
Precision:  1.0
Recall:  0.0
F1-score:  0.0
___________________________________
Tag  3
Precision:  1.0
Recall:  0.0
F1-score:  0.0
___________________________________
Tag  PRS
Precision:  1.0
Recall:  0.0
F1-score:  0.0
___________________________________
Tag  FIN
Precision:  1.0
Recall:  0.0
F1-score:  0.0
___________________________________
Tag  PROPN
Precision:  1.0
Recall:  1.0
F1-score:  1.0
___________________________________
Tag  N
Precision:  1.0
Recall:  0.0
F1-score:  0.0
___________________________________
Tag  SG
Precision:  1.0
Recall:  0.0
F1-score:  0.0
___________________________________
Tag  MASC
Precision:  1.0
Recall:  0.0
F1-score:  0.0
___________________________________
Tag  ESS
Precision:  1.0
Recall:  0.0
F1-score:  0.0
___________________________________
Tag  V
Precision:  1.0
Recall:  0.0
F1-score:  0.0
___________________________________
Tag  SG
Precision:  1.0
Recall:  0.0
F1-score:  0.0
___________________________________
Tag  IND
Precision:  1.0
Recall:  0.0
F1-score:  0.0
___________________________________
Tag  ACT
Precision:  1.0
Recall:  0.0
F1-score:  0.0
___________________________________
Tag  3
Precision:  1.0
Recall:  0.0
F1-score:  0.0
___________________________________
Tag  IPFV
Precision:  1.0
Recall:  0.0
F1-score:  0.0
___________________________________
Tag  FIN
Precision:  1.0
Recall:  0.0
F1-score:  0.0
___________________________________
Tag  N
Precision:  1.0
Recall:  0.0
F1-score:  0.0
___________________________________
Tag  PL
Precision:  1.0
Recall:  0.0
F1-score:  0.0
___________________________________
Tag  NOM
Precision:  1.0
Recall:  0.0
F1-score:  0.0
___________________________________
Tag  MASC
Precision:  1.0
Recall:  0.0
F1-score:  0.0
___________________________________
Tag  INTJ
Precision:  1.0
Recall:  0.0
F1-score:  0.0
___________________________________
Tag  N
Precision:  1.0
Recall:  0.0
F1-score:  0.0
___________________________________
Tag  SG
Precision:  1.0
Recall:  0.0
F1-score:  0.0
___________________________________
Tag  MASC
Precision:  1.0
Recall:  0.0
F1-score:  0.0
___________________________________
Tag  ACC
Precision:  1.0
Recall:  0.0
F1-score:  0.0
___________________________________
Tag  N
Precision:  1.0
Recall:  0.0
F1-score:  0.0
___________________________________
Tag  NEUT
Precision:  1.0
Recall:  0.0
F1-score:  0.0
___________________________________
Tag  SG
Precision:  1.0
Recall:  0.0
F1-score:  0.0
___________________________________
Tag  ACC
Precision:  1.0
Recall:  0.0
F1-score:  0.0
___________________________________
Tag  V
Precision:  1.0
Recall:  0.0
F1-score:  0.0
___________________________________
Tag  SG
Precision:  1.0
Recall:  0.0
F1-score:  0.0
___________________________________
Tag  ACT
Precision:  1.0
Recall:  0.0
F1-score:  0.0
___________________________________
Tag  3
Precision:  1.0
Recall:  0.0
F1-score:  0.0
___________________________________
Tag  FIN
Precision:  1.0
Recall:  0.0
F1-score:  0.0
___________________________________
Tag  OPT
Precision:  1.0
Recall:  0.0
F1-score:  0.0
___________________________________
Tag  ADV
Precision:  1.0
Recall:  0.9090909090909091
F1-score:  0.9523809523809523
___________________________________

