Running base line on Sanskrit
Total:  194
Total UNK words:  106
Correct:  69
Over all accuracy:  0.3556701030927835
Over all precision:  0.7840909090909091
Over all recall:  0.3556701030927835
Overall F1-score:  0.48936170212765967

Tag  V;SG;1;IND;ACT;IPFV;FIN
Precision:  1.0
Recall:  0.0
F1-score:  0.0
___________________________________
Tag  V;SG;MASC;ACT;PRS;NOM;V.PTCP
Precision:  1.0
Recall:  0.0
F1-score:  0.0
___________________________________
Tag  SG;1;PRO;NOM
Precision:  1.0
Recall:  1.0
F1-score:  1.0
___________________________________
Tag  MASC;NOM;PROPN;SG
Precision:  1.0
Recall:  0.4
F1-score:  0.5714285714285715
___________________________________
Tag  V;NEG;PST;PASS;MASC;NOM;V.PTCP;PL
Precision:  1.0
Recall:  0.0
F1-score:  0.0
___________________________________
Tag  V;SG;PST;PASS;NOM;V.PTCP;NEUT
Precision:  1.0
Recall:  0.0
F1-score:  0.0
___________________________________
Tag  V;SG;IND;ACT;3;PFV;FIN
Precision:  1.0
Recall:  1.0
F1-score:  1.0
___________________________________
Tag  N;GEN;SG;MASC
Precision:  1.0
Recall:  0.5
F1-score:  0.6666666666666666
___________________________________
Tag  _
Precision:  1.0
Recall:  1.0
F1-score:  1.0
___________________________________
Tag  1;PRO;PL;INS
Precision:  1.0
Recall:  0.0
F1-score:  0.0
___________________________________
Tag  V;SG;IND;ACT;3;PRS;FIN
Precision:  1.0
Recall:  0.25
F1-score:  0.4
___________________________________
Tag  N;GEN;PL;MASC
Precision:  1.0
Recall:  0.0
F1-score:  0.0
___________________________________
Tag  SG;PRO;MASC;GEN
Precision:  1.0
Recall:  1.0
F1-score:  1.0
___________________________________
Tag  V;SG;PST;PASS;MASC;NOM;V.PTCP
Precision:  1.0
Recall:  0.0
F1-score:  0.0
___________________________________
Tag  SG;PST;ACC;PASS;V.PTCP;N;NEUT
Precision:  1.0
Recall:  0.0
F1-score:  0.0
___________________________________
Tag  V;SG;PASS;3;FIN;OPT
Precision:  1.0
Recall:  0.0
F1-score:  0.0
___________________________________
Tag  3;PRO
Precision:  1.0
Recall:  0.0
F1-score:  0.0
___________________________________
Tag  N;NEUT;SG;ESS
Precision:  1.0
Recall:  0.0
F1-score:  0.0
___________________________________
Tag  SG;MASC;NOM;DET
Precision:  1.0
Recall:  0.0
F1-score:  0.0
___________________________________
Tag  N;INS;PL;MASC
Precision:  1.0
Recall:  0.0
F1-score:  0.0
___________________________________
Tag  INS;PL;NUM
Precision:  1.0
Recall:  0.0
F1-score:  0.0
___________________________________
Tag  SG;ACC;DET;NEUT
Precision:  1.0
Recall:  0.0
F1-score:  0.0
___________________________________
Tag  SG;1;PRO;GEN
Precision:  1.0
Recall:  1.0
F1-score:  1.0
___________________________________
Tag  N
Precision:  0.8333333333333334
Recall:  0.2777777777777778
F1-score:  0.4166666666666667
___________________________________
Tag  N;INS;SG;FEM
Precision:  1.0
Recall:  0.0
F1-score:  0.0
___________________________________
Tag  V;PST;PASS;MASC;NOM;V.PTCP;PL
Precision:  1.0
Recall:  0.0
F1-score:  0.0
___________________________________
Tag  N;SG;FEM;ESS
Precision:  1.0
Recall:  1.0
F1-score:  1.0
___________________________________
Tag  SG;ACC;PRO;MASC;FORM;3
Precision:  1.0
Recall:  0.0
F1-score:  0.0
___________________________________
Tag  MASC;ACC;SG;ADJ
Precision:  1.0
Recall:  0.0
F1-score:  0.0
___________________________________
Tag  N;NOM;MASC;SG
Precision:  0.5
Recall:  0.125
F1-score:  0.2
___________________________________
Tag  DET
Precision:  1.0
Recall:  0.0
F1-score:  0.0
___________________________________
Tag  INS;SG;PRO
Precision:  1.0
Recall:  0.0
F1-score:  0.0
___________________________________
Tag  V;SG;PST;IND;ACT;3;PFV;FIN
Precision:  1.0
Recall:  0.0
F1-score:  0.0
___________________________________
Tag  NEG;PART
Precision:  1.0
Recall:  1.0
F1-score:  1.0
___________________________________
Tag  N;SG;MASC;AT+ABL
Precision:  1.0
Recall:  0.0
F1-score:  0.0
___________________________________
Tag  SG;PRO;NOM;FEM
Precision:  1.0
Recall:  1.0
F1-score:  1.0
___________________________________
Tag  SG;IND;ACT;3;PRS;FIN;V
Precision:  0.5
Recall:  0.5
F1-score:  0.5
___________________________________
Tag  NEUT;ACC;SG;ADJ
Precision:  1.0
Recall:  0.0
F1-score:  0.0
___________________________________
Tag  N;INS;NEUT;SG
Precision:  1.0
Recall:  0.0
F1-score:  0.0
___________________________________
Tag  CONJ
Precision:  1.0
Recall:  0.7142857142857143
F1-score:  0.8333333333333333
___________________________________
Tag  ADJ
Precision:  1.0
Recall:  0.0
F1-score:  0.0
___________________________________
Tag  V;V.CVB
Precision:  1.0
Recall:  0.25
F1-score:  0.4
___________________________________
Tag  V;SG;PASS;MASC;NOM;V.PTCP;FUT
Precision:  1.0
Recall:  0.0
F1-score:  0.0
___________________________________
Tag  V;PASS;MASC;NOM;V.PTCP;PL;FUT
Precision:  1.0
Recall:  0.0
F1-score:  0.0
___________________________________
Tag  SG;PRO;NOM;NEUT
Precision:  1.0
Recall:  1.0
F1-score:  1.0
___________________________________
Tag  N;INS;SG;MASC
Precision:  1.0
Recall:  0.0
F1-score:  0.0
___________________________________
Tag  SG;MASC;DET;AT+ABL
Precision:  1.0
Recall:  0.0
F1-score:  0.0
___________________________________
Tag  N;NEUT;NOM;SG
Precision:  1.0
Recall:  0.42857142857142855
F1-score:  0.6
___________________________________
Tag  MASC;NOM;SG;ADJ
Precision:  1.0
Recall:  0.0
F1-score:  0.0
___________________________________
Tag  PRO;PL;GEN;NEUT
Precision:  1.0
Recall:  0.0
F1-score:  0.0
___________________________________
Tag  SG;PRO;MASC;NOM
Precision:  0.6
Recall:  0.5
F1-score:  0.5454545454545454
___________________________________
Tag  N;PL;MASC;DAT
Precision:  1.0
Recall:  0.0
F1-score:  0.0
___________________________________
Tag  V;MID;SG;IND;3;PRS;FIN
Precision:  1.0
Recall:  0.0
F1-score:  0.0
___________________________________
Tag  PROPN
Precision:  1.0
Recall:  0.0
F1-score:  0.0
___________________________________
Tag  N;SG;MASC;ESS
Precision:  1.0
Recall:  0.0
F1-score:  0.0
___________________________________
Tag  V;SG;IND;ACT;3;IPFV;FIN
Precision:  1.0
Recall:  0.8
F1-score:  0.888888888888889
___________________________________
Tag  N;PL;NOM;MASC
Precision:  1.0
Recall:  1.0
F1-score:  1.0
___________________________________
Tag  INTJ
Precision:  1.0
Recall:  0.0
F1-score:  0.0
___________________________________
Tag  N;SG;MASC;ACC
Precision:  1.0
Recall:  0.0
F1-score:  0.0
___________________________________
Tag  N;NEUT;SG;ACC
Precision:  1.0
Recall:  0.0
F1-score:  0.0
___________________________________
Tag  V;SG;ACT;3;FIN;OPT
Precision:  1.0
Recall:  0.0
F1-score:  0.0
___________________________________
Tag  ADV
Precision:  1.0
Recall:  0.6875
F1-score:  0.8148148148148148
___________________________________

